{"/home/anas/home/plus/back-office-service-plus/server.ts": {"path":"/home/anas/home/plus/back-office-service-plus/server.ts","all":false,"statementMap":{"0":{"start":{"line":1,"column":0},"end":{"line":1,"column":28}},"1":{"start":{"line":2,"column":0},"end":{"line":2,"column":16}},"2":{"start":{"line":3,"column":0},"end":{"line":3,"column":43}},"3":{"start":{"line":4,"column":0},"end":{"line":4,"column":28}},"4":{"start":{"line":5,"column":0},"end":{"line":5,"column":39}},"5":{"start":{"line":6,"column":0},"end":{"line":6,"column":24}},"6":{"start":{"line":7,"column":0},"end":{"line":7,"column":28}},"7":{"start":{"line":8,"column":0},"end":{"line":8,"column":32}},"8":{"start":{"line":9,"column":0},"end":{"line":9,"column":34}},"9":{"start":{"line":10,"column":0},"end":{"line":10,"column":0}},"10":{"start":{"line":11,"column":0},"end":{"line":11,"column":16}},"11":{"start":{"line":12,"column":0},"end":{"line":12,"column":20}},"12":{"start":{"line":13,"column":0},"end":{"line":13,"column":29}},"13":{"start":{"line":14,"column":0},"end":{"line":14,"column":13}},"14":{"start":{"line":15,"column":0},"end":{"line":15,"column":4}},"15":{"start":{"line":16,"column":0},"end":{"line":16,"column":2}},"16":{"start":{"line":17,"column":0},"end":{"line":17,"column":1}},"17":{"start":{"line":18,"column":0},"end":{"line":18,"column":0}},"18":{"start":{"line":19,"column":0},"end":{"line":19,"column":19}},"19":{"start":{"line":20,"column":0},"end":{"line":20,"column":65}},"20":{"start":{"line":21,"column":0},"end":{"line":21,"column":103}},"21":{"start":{"line":22,"column":0},"end":{"line":22,"column":82}},"22":{"start":{"line":23,"column":0},"end":{"line":23,"column":81}},"23":{"start":{"line":24,"column":0},"end":{"line":24,"column":81}},"24":{"start":{"line":25,"column":0},"end":{"line":25,"column":0}},"25":{"start":{"line":26,"column":0},"end":{"line":26,"column":19}},"26":{"start":{"line":27,"column":0},"end":{"line":27,"column":19}},"27":{"start":{"line":28,"column":0},"end":{"line":28,"column":0}},"28":{"start":{"line":29,"column":0},"end":{"line":29,"column":22}}},"s":{"0":1,"1":1,"2":1,"3":1,"4":1,"5":1,"6":1,"7":1,"8":1,"9":1,"10":1,"11":1,"12":1,"13":1,"14":1,"15":1,"16":1,"17":1,"18":1,"19":1,"20":1,"21":1,"22":1,"23":1,"24":1,"25":1,"26":1,"27":1,"28":1},"branchMap":{},"b":{},"fnMap":{},"f":{}}
,"/home/anas/home/plus/back-office-service-plus/prisma/connection.ts": {"path":"/home/anas/home/plus/back-office-service-plus/prisma/connection.ts","all":false,"statementMap":{"0":{"start":{"line":1,"column":0},"end":{"line":1,"column":46}},"1":{"start":{"line":2,"column":0},"end":{"line":2,"column":0}},"2":{"start":{"line":3,"column":0},"end":{"line":3,"column":34}},"3":{"start":{"line":4,"column":0},"end":{"line":4,"column":0}},"4":{"start":{"line":5,"column":0},"end":{"line":5,"column":22}}},"s":{"0":1,"1":1,"2":1,"3":1,"4":1},"branchMap":{},"b":{},"fnMap":{},"f":{}}
,"/home/anas/home/plus/back-office-service-plus/src/commen/exceptions/error.handler.ts": {"path":"/home/anas/home/plus/back-office-service-plus/src/commen/exceptions/error.handler.ts","all":false,"statementMap":{"0":{"start":{"line":1,"column":0},"end":{"line":1,"column":58}},"1":{"start":{"line":2,"column":0},"end":{"line":2,"column":0}},"2":{"start":{"line":3,"column":0},"end":{"line":3,"column":85}},"3":{"start":{"line":4,"column":0},"end":{"line":4,"column":34}},"4":{"start":{"line":5,"column":0},"end":{"line":5,"column":23}},"5":{"start":{"line":6,"column":0},"end":{"line":6,"column":59}},"6":{"start":{"line":7,"column":0},"end":{"line":7,"column":39}},"7":{"start":{"line":8,"column":0},"end":{"line":8,"column":27}},"8":{"start":{"line":9,"column":0},"end":{"line":9,"column":26}},"9":{"start":{"line":10,"column":0},"end":{"line":10,"column":68}},"10":{"start":{"line":11,"column":0},"end":{"line":11,"column":5}},"11":{"start":{"line":12,"column":0},"end":{"line":12,"column":9}},"12":{"start":{"line":13,"column":0},"end":{"line":13,"column":1}},"13":{"start":{"line":14,"column":0},"end":{"line":14,"column":0}},"14":{"start":{"line":15,"column":0},"end":{"line":15,"column":28}}},"s":{"0":1,"1":1,"2":1,"3":5,"4":5,"5":5,"6":5,"7":5,"8":5,"9":5,"10":5,"11":5,"12":5,"13":1,"14":1},"branchMap":{"0":{"type":"branch","line":3,"loc":{"start":{"line":3,"column":21},"end":{"line":13,"column":1}},"locations":[{"start":{"line":3,"column":21},"end":{"line":13,"column":1}}]},"1":{"type":"branch","line":6,"loc":{"start":{"line":6,"column":31},"end":{"line":6,"column":58}},"locations":[{"start":{"line":6,"column":31},"end":{"line":6,"column":58}}]},"2":{"type":"branch","line":7,"loc":{"start":{"line":7,"column":31},"end":{"line":7,"column":38}},"locations":[{"start":{"line":7,"column":31},"end":{"line":7,"column":38}}]},"3":{"type":"branch","line":10,"loc":{"start":{"line":10,"column":50},"end":{"line":10,"column":56}},"locations":[{"start":{"line":10,"column":50},"end":{"line":10,"column":56}}]}},"b":{"0":[5],"1":[0],"2":[0],"3":[0]},"fnMap":{"0":{"name":"errorHandler","decl":{"start":{"line":3,"column":21},"end":{"line":13,"column":1}},"loc":{"start":{"line":3,"column":21},"end":{"line":13,"column":1}},"line":3}},"f":{"0":5}}
,"/home/anas/home/plus/back-office-service-plus/src/commen/exceptions/exceptions.class.ts": {"path":"/home/anas/home/plus/back-office-service-plus/src/commen/exceptions/exceptions.class.ts","all":false,"statementMap":{"0":{"start":{"line":1,"column":0},"end":{"line":1,"column":46}},"1":{"start":{"line":2,"column":0},"end":{"line":2,"column":20}},"2":{"start":{"line":3,"column":0},"end":{"line":3,"column":32}},"3":{"start":{"line":4,"column":0},"end":{"line":4,"column":18}},"4":{"start":{"line":5,"column":0},"end":{"line":5,"column":35}},"5":{"start":{"line":6,"column":0},"end":{"line":6,"column":25}},"6":{"start":{"line":7,"column":0},"end":{"line":7,"column":42}},"7":{"start":{"line":8,"column":0},"end":{"line":8,"column":2}},"8":{"start":{"line":9,"column":0},"end":{"line":9,"column":3}},"9":{"start":{"line":10,"column":0},"end":{"line":10,"column":2}},"10":{"start":{"line":11,"column":0},"end":{"line":11,"column":45}},"11":{"start":{"line":12,"column":0},"end":{"line":12,"column":22}},"12":{"start":{"line":13,"column":0},"end":{"line":13,"column":32}},"13":{"start":{"line":14,"column":0},"end":{"line":14,"column":18}},"14":{"start":{"line":15,"column":0},"end":{"line":15,"column":25}},"15":{"start":{"line":16,"column":0},"end":{"line":16,"column":32}},"16":{"start":{"line":17,"column":0},"end":{"line":17,"column":42}},"17":{"start":{"line":18,"column":0},"end":{"line":18,"column":2}},"18":{"start":{"line":19,"column":0},"end":{"line":19,"column":3}},"19":{"start":{"line":20,"column":0},"end":{"line":20,"column":2}},"20":{"start":{"line":21,"column":0},"end":{"line":21,"column":44}},"21":{"start":{"line":22,"column":0},"end":{"line":22,"column":20}},"22":{"start":{"line":23,"column":0},"end":{"line":23,"column":32}},"23":{"start":{"line":24,"column":0},"end":{"line":24,"column":18}},"24":{"start":{"line":25,"column":0},"end":{"line":25,"column":25}},"25":{"start":{"line":26,"column":0},"end":{"line":26,"column":31}},"26":{"start":{"line":27,"column":0},"end":{"line":27,"column":42}},"27":{"start":{"line":28,"column":0},"end":{"line":28,"column":2}},"28":{"start":{"line":29,"column":0},"end":{"line":29,"column":3}},"29":{"start":{"line":30,"column":0},"end":{"line":30,"column":2}},"30":{"start":{"line":31,"column":0},"end":{"line":31,"column":46}},"31":{"start":{"line":32,"column":0},"end":{"line":32,"column":20}},"32":{"start":{"line":33,"column":0},"end":{"line":33,"column":32}},"33":{"start":{"line":34,"column":0},"end":{"line":34,"column":18}},"34":{"start":{"line":35,"column":0},"end":{"line":35,"column":25}},"35":{"start":{"line":36,"column":0},"end":{"line":36,"column":33}},"36":{"start":{"line":37,"column":0},"end":{"line":37,"column":42}},"37":{"start":{"line":38,"column":0},"end":{"line":38,"column":2}},"38":{"start":{"line":39,"column":0},"end":{"line":39,"column":3}},"39":{"start":{"line":40,"column":0},"end":{"line":40,"column":2}},"40":{"start":{"line":41,"column":0},"end":{"line":41,"column":52}},"41":{"start":{"line":42,"column":0},"end":{"line":42,"column":20}},"42":{"start":{"line":43,"column":0},"end":{"line":43,"column":32}},"43":{"start":{"line":44,"column":0},"end":{"line":44,"column":18}},"44":{"start":{"line":45,"column":0},"end":{"line":45,"column":25}},"45":{"start":{"line":46,"column":0},"end":{"line":46,"column":39}},"46":{"start":{"line":47,"column":0},"end":{"line":47,"column":42}},"47":{"start":{"line":48,"column":0},"end":{"line":48,"column":2}},"48":{"start":{"line":49,"column":0},"end":{"line":49,"column":3}},"49":{"start":{"line":50,"column":0},"end":{"line":50,"column":42}},"50":{"start":{"line":51,"column":0},"end":{"line":51,"column":54}},"51":{"start":{"line":52,"column":0},"end":{"line":52,"column":20}},"52":{"start":{"line":53,"column":0},"end":{"line":53,"column":32}},"53":{"start":{"line":54,"column":0},"end":{"line":54,"column":18}},"54":{"start":{"line":55,"column":0},"end":{"line":55,"column":25}},"55":{"start":{"line":56,"column":0},"end":{"line":56,"column":41}},"56":{"start":{"line":57,"column":0},"end":{"line":57,"column":42}},"57":{"start":{"line":58,"column":0},"end":{"line":58,"column":2}},"58":{"start":{"line":59,"column":0},"end":{"line":59,"column":3}},"59":{"start":{"line":60,"column":0},"end":{"line":60,"column":2}},"60":{"start":{"line":61,"column":0},"end":{"line":61,"column":54}},"61":{"start":{"line":62,"column":0},"end":{"line":62,"column":20}},"62":{"start":{"line":63,"column":0},"end":{"line":63,"column":32}},"63":{"start":{"line":64,"column":0},"end":{"line":64,"column":18}},"64":{"start":{"line":65,"column":0},"end":{"line":65,"column":25}},"65":{"start":{"line":66,"column":0},"end":{"line":66,"column":41}},"66":{"start":{"line":67,"column":0},"end":{"line":67,"column":42}},"67":{"start":{"line":68,"column":0},"end":{"line":68,"column":2}},"68":{"start":{"line":69,"column":0},"end":{"line":69,"column":3}},"69":{"start":{"line":70,"column":0},"end":{"line":70,"column":2}},"70":{"start":{"line":71,"column":0},"end":{"line":71,"column":54}},"71":{"start":{"line":72,"column":0},"end":{"line":72,"column":20}},"72":{"start":{"line":73,"column":0},"end":{"line":73,"column":32}},"73":{"start":{"line":74,"column":0},"end":{"line":74,"column":18}},"74":{"start":{"line":75,"column":0},"end":{"line":75,"column":25}},"75":{"start":{"line":76,"column":0},"end":{"line":76,"column":41}},"76":{"start":{"line":77,"column":0},"end":{"line":77,"column":42}},"77":{"start":{"line":78,"column":0},"end":{"line":78,"column":2}},"78":{"start":{"line":79,"column":0},"end":{"line":79,"column":3}},"79":{"start":{"line":80,"column":0},"end":{"line":80,"column":2}},"80":{"start":{"line":81,"column":0},"end":{"line":81,"column":36}},"81":{"start":{"line":82,"column":0},"end":{"line":82,"column":52}},"82":{"start":{"line":83,"column":0},"end":{"line":83,"column":20}},"83":{"start":{"line":84,"column":0},"end":{"line":84,"column":32}},"84":{"start":{"line":85,"column":0},"end":{"line":85,"column":18}},"85":{"start":{"line":86,"column":0},"end":{"line":86,"column":25}},"86":{"start":{"line":87,"column":0},"end":{"line":87,"column":39}},"87":{"start":{"line":88,"column":0},"end":{"line":88,"column":42}},"88":{"start":{"line":89,"column":0},"end":{"line":89,"column":2}},"89":{"start":{"line":90,"column":0},"end":{"line":90,"column":3}},"90":{"start":{"line":91,"column":0},"end":{"line":91,"column":2}},"91":{"start":{"line":92,"column":0},"end":{"line":92,"column":34}},"92":{"start":{"line":93,"column":0},"end":{"line":93,"column":46}},"93":{"start":{"line":94,"column":0},"end":{"line":94,"column":20}},"94":{"start":{"line":95,"column":0},"end":{"line":95,"column":32}},"95":{"start":{"line":96,"column":0},"end":{"line":96,"column":18}},"96":{"start":{"line":97,"column":0},"end":{"line":97,"column":25}},"97":{"start":{"line":98,"column":0},"end":{"line":98,"column":33}},"98":{"start":{"line":99,"column":0},"end":{"line":99,"column":42}},"99":{"start":{"line":100,"column":0},"end":{"line":100,"column":2}},"100":{"start":{"line":101,"column":0},"end":{"line":101,"column":3}},"101":{"start":{"line":102,"column":0},"end":{"line":102,"column":2}},"102":{"start":{"line":103,"column":0},"end":{"line":103,"column":29}},"103":{"start":{"line":104,"column":0},"end":{"line":104,"column":46}},"104":{"start":{"line":105,"column":0},"end":{"line":105,"column":20}},"105":{"start":{"line":106,"column":0},"end":{"line":106,"column":32}},"106":{"start":{"line":107,"column":0},"end":{"line":107,"column":18}},"107":{"start":{"line":108,"column":0},"end":{"line":108,"column":25}},"108":{"start":{"line":109,"column":0},"end":{"line":109,"column":33}},"109":{"start":{"line":110,"column":0},"end":{"line":110,"column":42}},"110":{"start":{"line":111,"column":0},"end":{"line":111,"column":2}},"111":{"start":{"line":112,"column":0},"end":{"line":112,"column":3}},"112":{"start":{"line":113,"column":0},"end":{"line":113,"column":2}},"113":{"start":{"line":114,"column":0},"end":{"line":114,"column":37}},"114":{"start":{"line":115,"column":0},"end":{"line":115,"column":54}},"115":{"start":{"line":116,"column":0},"end":{"line":116,"column":20}},"116":{"start":{"line":117,"column":0},"end":{"line":117,"column":32}},"117":{"start":{"line":118,"column":0},"end":{"line":118,"column":18}},"118":{"start":{"line":119,"column":0},"end":{"line":119,"column":25}},"119":{"start":{"line":120,"column":0},"end":{"line":120,"column":41}},"120":{"start":{"line":121,"column":0},"end":{"line":121,"column":42}},"121":{"start":{"line":122,"column":0},"end":{"line":122,"column":2}},"122":{"start":{"line":123,"column":0},"end":{"line":123,"column":3}}},"s":{"0":1,"1":1,"2":1,"3":0,"4":0,"5":0,"6":0,"7":0,"8":1,"9":1,"10":1,"11":1,"12":1,"13":0,"14":0,"15":0,"16":0,"17":0,"18":1,"19":1,"20":1,"21":1,"22":1,"23":1,"24":1,"25":1,"26":1,"27":1,"28":1,"29":1,"30":1,"31":1,"32":1,"33":0,"34":0,"35":0,"36":0,"37":0,"38":1,"39":1,"40":1,"41":1,"42":1,"43":2,"44":2,"45":2,"46":2,"47":2,"48":1,"49":1,"50":1,"51":1,"52":1,"53":0,"54":0,"55":0,"56":0,"57":0,"58":1,"59":1,"60":1,"61":1,"62":1,"63":1,"64":1,"65":1,"66":1,"67":1,"68":1,"69":1,"70":1,"71":1,"72":1,"73":0,"74":0,"75":0,"76":0,"77":0,"78":1,"79":1,"80":1,"81":1,"82":1,"83":1,"84":0,"85":0,"86":0,"87":0,"88":0,"89":1,"90":1,"91":1,"92":1,"93":1,"94":1,"95":0,"96":0,"97":0,"98":0,"99":0,"100":1,"101":1,"102":1,"103":1,"104":1,"105":1,"106":0,"107":0,"108":0,"109":0,"110":0,"111":1,"112":1,"113":1,"114":1,"115":1,"116":1,"117":1,"118":1,"119":1,"120":1,"121":1,"122":1},"branchMap":{"0":{"type":"branch","line":23,"loc":{"start":{"line":23,"column":1},"end":{"line":28,"column":2}},"locations":[{"start":{"line":23,"column":1},"end":{"line":28,"column":2}}]},"1":{"type":"branch","line":43,"loc":{"start":{"line":43,"column":1},"end":{"line":48,"column":2}},"locations":[{"start":{"line":43,"column":1},"end":{"line":48,"column":2}}]},"2":{"type":"branch","line":63,"loc":{"start":{"line":63,"column":1},"end":{"line":68,"column":2}},"locations":[{"start":{"line":63,"column":1},"end":{"line":68,"column":2}}]},"3":{"type":"branch","line":117,"loc":{"start":{"line":117,"column":1},"end":{"line":122,"column":2}},"locations":[{"start":{"line":117,"column":1},"end":{"line":122,"column":2}}]}},"b":{"0":[1],"1":[2],"2":[1],"3":[1]},"fnMap":{"0":{"name":"UnauthorizedError","decl":{"start":{"line":3,"column":1},"end":{"line":8,"column":2}},"loc":{"start":{"line":3,"column":1},"end":{"line":8,"column":2}},"line":3},"1":{"name":"ForbiddenError","decl":{"start":{"line":13,"column":1},"end":{"line":18,"column":2}},"loc":{"start":{"line":13,"column":1},"end":{"line":18,"column":2}},"line":13},"2":{"name":"NotFoundError","decl":{"start":{"line":23,"column":1},"end":{"line":28,"column":2}},"loc":{"start":{"line":23,"column":1},"end":{"line":28,"column":2}},"line":23},"3":{"name":"ValidationError","decl":{"start":{"line":33,"column":1},"end":{"line":38,"column":2}},"loc":{"start":{"line":33,"column":1},"end":{"line":38,"column":2}},"line":33},"4":{"name":"PropertyRequiredError","decl":{"start":{"line":43,"column":1},"end":{"line":48,"column":2}},"loc":{"start":{"line":43,"column":1},"end":{"line":48,"column":2}},"line":43},"5":{"name":"ResourceNotCreatedError","decl":{"start":{"line":53,"column":1},"end":{"line":58,"column":2}},"loc":{"start":{"line":53,"column":1},"end":{"line":58,"column":2}},"line":53},"6":{"name":"ResourceNotUpdatedError","decl":{"start":{"line":63,"column":1},"end":{"line":68,"column":2}},"loc":{"start":{"line":63,"column":1},"end":{"line":68,"column":2}},"line":63},"7":{"name":"ResourceNotDeletedError","decl":{"start":{"line":73,"column":1},"end":{"line":78,"column":2}},"loc":{"start":{"line":73,"column":1},"end":{"line":78,"column":2}},"line":73},"8":{"name":"EmptyRequestBodyError","decl":{"start":{"line":84,"column":1},"end":{"line":89,"column":2}},"loc":{"start":{"line":84,"column":1},"end":{"line":89,"column":2}},"line":84},"9":{"name":"UnexpectedError","decl":{"start":{"line":95,"column":1},"end":{"line":100,"column":2}},"loc":{"start":{"line":95,"column":1},"end":{"line":100,"column":2}},"line":95},"10":{"name":"BadRequestError","decl":{"start":{"line":106,"column":1},"end":{"line":111,"column":2}},"loc":{"start":{"line":106,"column":1},"end":{"line":111,"column":2}},"line":106},"11":{"name":"InvalidCredentialsError","decl":{"start":{"line":117,"column":1},"end":{"line":122,"column":2}},"loc":{"start":{"line":117,"column":1},"end":{"line":122,"column":2}},"line":117}},"f":{"0":0,"1":0,"2":1,"3":0,"4":2,"5":0,"6":1,"7":0,"8":0,"9":0,"10":0,"11":1}}
,"/home/anas/home/plus/back-office-service-plus/src/commen/helpers/authorize.ts": {"path":"/home/anas/home/plus/back-office-service-plus/src/commen/helpers/authorize.ts","all":false,"statementMap":{"0":{"start":{"line":1,"column":0},"end":{"line":1,"column":74}},"1":{"start":{"line":2,"column":0},"end":{"line":2,"column":41}},"2":{"start":{"line":3,"column":0},"end":{"line":3,"column":95}},"3":{"start":{"line":4,"column":0},"end":{"line":4,"column":49}},"4":{"start":{"line":5,"column":0},"end":{"line":5,"column":64}},"5":{"start":{"line":6,"column":0},"end":{"line":6,"column":0}},"6":{"start":{"line":7,"column":0},"end":{"line":7,"column":63}},"7":{"start":{"line":8,"column":0},"end":{"line":8,"column":82}},"8":{"start":{"line":9,"column":0},"end":{"line":9,"column":81}},"9":{"start":{"line":10,"column":0},"end":{"line":10,"column":35}},"10":{"start":{"line":11,"column":0},"end":{"line":11,"column":85}},"11":{"start":{"line":12,"column":0},"end":{"line":12,"column":57}},"12":{"start":{"line":13,"column":0},"end":{"line":13,"column":16}},"13":{"start":{"line":14,"column":0},"end":{"line":14,"column":5}},"14":{"start":{"line":15,"column":0},"end":{"line":15,"column":1}},"15":{"start":{"line":16,"column":0},"end":{"line":16,"column":0}},"16":{"start":{"line":17,"column":0},"end":{"line":17,"column":28}}},"s":{"0":1,"1":1,"2":1,"3":1,"4":1,"5":1,"6":1,"7":102,"8":19,"9":19,"10":19,"11":19,"12":19,"13":102,"14":102,"15":1,"16":1},"branchMap":{"0":{"type":"branch","line":7,"loc":{"start":{"line":7,"column":21},"end":{"line":15,"column":1}},"locations":[{"start":{"line":7,"column":21},"end":{"line":15,"column":1}}]},"1":{"type":"branch","line":8,"loc":{"start":{"line":8,"column":22},"end":{"line":14,"column":4}},"locations":[{"start":{"line":8,"column":22},"end":{"line":14,"column":4}}]},"2":{"type":"branch","line":8,"loc":{"start":{"line":8,"column":80},"end":{"line":14,"column":3}},"locations":[{"start":{"line":8,"column":80},"end":{"line":14,"column":3}}]},"3":{"type":"branch","line":12,"loc":{"start":{"line":12,"column":15},"end":{"line":12,"column":57}},"locations":[{"start":{"line":12,"column":15},"end":{"line":12,"column":57}}]}},"b":{"0":[102],"1":[19],"2":[19],"3":[0]},"fnMap":{"0":{"name":"check_access","decl":{"start":{"line":7,"column":21},"end":{"line":15,"column":1}},"loc":{"start":{"line":7,"column":21},"end":{"line":15,"column":1}},"line":7}},"f":{"0":102}}
,"/home/anas/home/plus/back-office-service-plus/src/commen/helpers/helpers.ts": {"path":"/home/anas/home/plus/back-office-service-plus/src/commen/helpers/helpers.ts","all":false,"statementMap":{"0":{"start":{"line":1,"column":0},"end":{"line":1,"column":28}},"1":{"start":{"line":2,"column":0},"end":{"line":2,"column":0}},"2":{"start":{"line":3,"column":0},"end":{"line":3,"column":74}},"3":{"start":{"line":4,"column":0},"end":{"line":4,"column":39}},"4":{"start":{"line":5,"column":0},"end":{"line":5,"column":43}},"5":{"start":{"line":6,"column":0},"end":{"line":6,"column":2}},"6":{"start":{"line":7,"column":0},"end":{"line":7,"column":0}},"7":{"start":{"line":8,"column":0},"end":{"line":8,"column":54}},"8":{"start":{"line":9,"column":0},"end":{"line":9,"column":53}},"9":{"start":{"line":10,"column":0},"end":{"line":10,"column":45}},"10":{"start":{"line":11,"column":0},"end":{"line":11,"column":17}},"11":{"start":{"line":12,"column":0},"end":{"line":12,"column":3}},"12":{"start":{"line":13,"column":0},"end":{"line":13,"column":14}},"13":{"start":{"line":14,"column":0},"end":{"line":14,"column":1}}},"s":{"0":1,"1":1,"2":1,"3":1,"4":1,"5":1,"6":1,"7":1,"8":12,"9":12,"10":0,"11":0,"12":12,"13":12},"branchMap":{"0":{"type":"branch","line":3,"loc":{"start":{"line":3,"column":28},"end":{"line":6,"column":2}},"locations":[{"start":{"line":3,"column":28},"end":{"line":6,"column":2}}]},"1":{"type":"branch","line":3,"loc":{"start":{"line":3,"column":72},"end":{"line":6,"column":2}},"locations":[{"start":{"line":3,"column":72},"end":{"line":6,"column":2}}]},"2":{"type":"branch","line":8,"loc":{"start":{"line":8,"column":27},"end":{"line":14,"column":1}},"locations":[{"start":{"line":8,"column":27},"end":{"line":14,"column":1}}]},"3":{"type":"branch","line":10,"loc":{"start":{"line":10,"column":44},"end":{"line":12,"column":3}},"locations":[{"start":{"line":10,"column":44},"end":{"line":12,"column":3}}]}},"b":{"0":[1],"1":[1],"2":[12],"3":[0]},"fnMap":{"0":{"name":"hashPassword","decl":{"start":{"line":3,"column":28},"end":{"line":6,"column":2}},"loc":{"start":{"line":3,"column":28},"end":{"line":6,"column":2}},"line":3},"1":{"name":"validString","decl":{"start":{"line":8,"column":27},"end":{"line":14,"column":1}},"loc":{"start":{"line":8,"column":27},"end":{"line":14,"column":1}},"line":8}},"f":{"0":1,"1":12}}
,"/home/anas/home/plus/back-office-service-plus/src/commen/logger/logger.class.ts": {"path":"/home/anas/home/plus/back-office-service-plus/src/commen/logger/logger.class.ts","all":false,"statementMap":{"0":{"start":{"line":1,"column":0},"end":{"line":1,"column":48}},"1":{"start":{"line":2,"column":0},"end":{"line":2,"column":0}},"2":{"start":{"line":3,"column":0},"end":{"line":3,"column":33}},"3":{"start":{"line":4,"column":0},"end":{"line":4,"column":36}},"4":{"start":{"line":5,"column":0},"end":{"line":5,"column":9}},"5":{"start":{"line":6,"column":0},"end":{"line":6,"column":41}},"6":{"start":{"line":7,"column":0},"end":{"line":7,"column":19}},"7":{"start":{"line":8,"column":0},"end":{"line":8,"column":9}},"8":{"start":{"line":9,"column":0},"end":{"line":9,"column":22}},"9":{"start":{"line":10,"column":0},"end":{"line":10,"column":28}},"10":{"start":{"line":11,"column":0},"end":{"line":11,"column":18}},"11":{"start":{"line":12,"column":0},"end":{"line":12,"column":5}},"12":{"start":{"line":13,"column":0},"end":{"line":13,"column":3}},"13":{"start":{"line":14,"column":0},"end":{"line":14,"column":0}},"14":{"start":{"line":15,"column":0},"end":{"line":15,"column":26}},"15":{"start":{"line":16,"column":0},"end":{"line":16,"column":9}},"16":{"start":{"line":17,"column":0},"end":{"line":17,"column":44}},"17":{"start":{"line":18,"column":0},"end":{"line":18,"column":17}},"18":{"start":{"line":19,"column":0},"end":{"line":19,"column":18}},"19":{"start":{"line":20,"column":0},"end":{"line":20,"column":5}},"20":{"start":{"line":21,"column":0},"end":{"line":21,"column":3}},"21":{"start":{"line":22,"column":0},"end":{"line":22,"column":1}}},"s":{"0":1,"1":1,"2":1,"3":1,"4":28,"5":28,"6":28,"7":28,"8":28,"9":0,"10":0,"11":0,"12":28,"13":1,"14":1,"15":0,"16":0,"17":0,"18":0,"19":0,"20":0,"21":1},"branchMap":{"0":{"type":"branch","line":4,"loc":{"start":{"line":4,"column":14},"end":{"line":13,"column":3}},"locations":[{"start":{"line":4,"column":14},"end":{"line":13,"column":3}}]},"1":{"type":"branch","line":9,"loc":{"start":{"line":9,"column":6},"end":{"line":12,"column":5}},"locations":[{"start":{"line":9,"column":6},"end":{"line":12,"column":5}}]}},"b":{"0":[28],"1":[0]},"fnMap":{"0":{"name":"createLog","decl":{"start":{"line":4,"column":14},"end":{"line":13,"column":3}},"loc":{"start":{"line":4,"column":14},"end":{"line":13,"column":3}},"line":4},"1":{"name":"getLogs","decl":{"start":{"line":15,"column":15},"end":{"line":21,"column":3}},"loc":{"start":{"line":15,"column":15},"end":{"line":21,"column":3}},"line":15}},"f":{"0":28,"1":0}}
,"/home/anas/home/plus/back-office-service-plus/src/commen/logger/logger.service.ts": {"path":"/home/anas/home/plus/back-office-service-plus/src/commen/logger/logger.service.ts","all":false,"statementMap":{"0":{"start":{"line":1,"column":0},"end":{"line":1,"column":58}},"1":{"start":{"line":2,"column":0},"end":{"line":2,"column":41}},"2":{"start":{"line":3,"column":0},"end":{"line":3,"column":40}},"3":{"start":{"line":4,"column":0},"end":{"line":4,"column":0}},"4":{"start":{"line":5,"column":0},"end":{"line":5,"column":17}},"5":{"start":{"line":6,"column":0},"end":{"line":6,"column":75}},"6":{"start":{"line":7,"column":0},"end":{"line":7,"column":7}},"7":{"start":{"line":8,"column":0},"end":{"line":8,"column":35}},"8":{"start":{"line":9,"column":0},"end":{"line":9,"column":113}},"9":{"start":{"line":10,"column":0},"end":{"line":10,"column":0}},"10":{"start":{"line":11,"column":0},"end":{"line":11,"column":17}},"11":{"start":{"line":12,"column":0},"end":{"line":12,"column":27}},"12":{"start":{"line":13,"column":0},"end":{"line":13,"column":49}},"13":{"start":{"line":14,"column":0},"end":{"line":14,"column":29}},"14":{"start":{"line":15,"column":0},"end":{"line":15,"column":35}},"15":{"start":{"line":16,"column":0},"end":{"line":16,"column":44}},"16":{"start":{"line":17,"column":0},"end":{"line":17,"column":35}},"17":{"start":{"line":18,"column":0},"end":{"line":18,"column":47}},"18":{"start":{"line":19,"column":0},"end":{"line":19,"column":40}},"19":{"start":{"line":20,"column":0},"end":{"line":20,"column":38}},"20":{"start":{"line":21,"column":0},"end":{"line":21,"column":48}},"21":{"start":{"line":22,"column":0},"end":{"line":22,"column":43}},"22":{"start":{"line":23,"column":0},"end":{"line":23,"column":38}},"23":{"start":{"line":24,"column":0},"end":{"line":24,"column":33}},"24":{"start":{"line":25,"column":0},"end":{"line":25,"column":37}},"25":{"start":{"line":26,"column":0},"end":{"line":26,"column":37}},"26":{"start":{"line":27,"column":0},"end":{"line":27,"column":49}},"27":{"start":{"line":28,"column":0},"end":{"line":28,"column":5}},"28":{"start":{"line":29,"column":0},"end":{"line":29,"column":61}},"29":{"start":{"line":30,"column":0},"end":{"line":30,"column":50}},"30":{"start":{"line":31,"column":0},"end":{"line":31,"column":22}},"31":{"start":{"line":32,"column":0},"end":{"line":32,"column":38}},"32":{"start":{"line":33,"column":0},"end":{"line":33,"column":27}},"33":{"start":{"line":34,"column":0},"end":{"line":34,"column":49}},"34":{"start":{"line":35,"column":0},"end":{"line":35,"column":37}},"35":{"start":{"line":36,"column":0},"end":{"line":36,"column":43}},"36":{"start":{"line":37,"column":0},"end":{"line":37,"column":21}},"37":{"start":{"line":38,"column":0},"end":{"line":38,"column":7}},"38":{"start":{"line":39,"column":0},"end":{"line":39,"column":3}},"39":{"start":{"line":40,"column":0},"end":{"line":40,"column":1}}},"s":{"0":1,"1":1,"2":1,"3":1,"4":1,"5":1,"6":28,"7":28,"8":28,"9":28,"10":28,"11":28,"12":28,"13":28,"14":28,"15":28,"16":28,"17":28,"18":28,"19":28,"20":28,"21":28,"22":28,"23":28,"24":28,"25":28,"26":28,"27":28,"28":28,"29":25,"30":28,"31":0,"32":0,"33":0,"34":0,"35":0,"36":0,"37":0,"38":0,"39":28},"branchMap":{"0":{"type":"branch","line":6,"loc":{"start":{"line":6,"column":15},"end":{"line":40,"column":1}},"locations":[{"start":{"line":6,"column":15},"end":{"line":40,"column":1}}]},"1":{"type":"branch","line":6,"loc":{"start":{"line":6,"column":73},"end":{"line":40,"column":1}},"locations":[{"start":{"line":6,"column":73},"end":{"line":40,"column":1}}]},"2":{"type":"branch","line":9,"loc":{"start":{"line":9,"column":46},"end":{"line":9,"column":52}},"locations":[{"start":{"line":9,"column":46},"end":{"line":9,"column":52}}]},"3":{"type":"branch","line":9,"loc":{"start":{"line":9,"column":87},"end":{"line":9,"column":93}},"locations":[{"start":{"line":9,"column":87},"end":{"line":9,"column":93}}]},"4":{"type":"branch","line":14,"loc":{"start":{"line":14,"column":22},"end":{"line":14,"column":28}},"locations":[{"start":{"line":14,"column":22},"end":{"line":14,"column":28}}]},"5":{"type":"branch","line":15,"loc":{"start":{"line":15,"column":28},"end":{"line":15,"column":34}},"locations":[{"start":{"line":15,"column":28},"end":{"line":15,"column":34}}]},"6":{"type":"branch","line":16,"loc":{"start":{"line":16,"column":37},"end":{"line":16,"column":43}},"locations":[{"start":{"line":16,"column":37},"end":{"line":16,"column":43}}]},"7":{"type":"branch","line":17,"loc":{"start":{"line":17,"column":28},"end":{"line":17,"column":34}},"locations":[{"start":{"line":17,"column":28},"end":{"line":17,"column":34}}]},"8":{"type":"branch","line":18,"loc":{"start":{"line":18,"column":40},"end":{"line":18,"column":46}},"locations":[{"start":{"line":18,"column":40},"end":{"line":18,"column":46}}]},"9":{"type":"branch","line":19,"loc":{"start":{"line":19,"column":33},"end":{"line":19,"column":39}},"locations":[{"start":{"line":19,"column":33},"end":{"line":19,"column":39}}]},"10":{"type":"branch","line":20,"loc":{"start":{"line":20,"column":31},"end":{"line":20,"column":37}},"locations":[{"start":{"line":20,"column":31},"end":{"line":20,"column":37}}]},"11":{"type":"branch","line":23,"loc":{"start":{"line":23,"column":31},"end":{"line":23,"column":37}},"locations":[{"start":{"line":23,"column":31},"end":{"line":23,"column":37}}]},"12":{"type":"branch","line":24,"loc":{"start":{"line":24,"column":26},"end":{"line":24,"column":32}},"locations":[{"start":{"line":24,"column":26},"end":{"line":24,"column":32}}]},"13":{"type":"branch","line":25,"loc":{"start":{"line":25,"column":30},"end":{"line":25,"column":36}},"locations":[{"start":{"line":25,"column":30},"end":{"line":25,"column":36}}]},"14":{"type":"branch","line":26,"loc":{"start":{"line":26,"column":30},"end":{"line":26,"column":36}},"locations":[{"start":{"line":26,"column":30},"end":{"line":26,"column":36}}]},"15":{"type":"branch","line":27,"loc":{"start":{"line":27,"column":27},"end":{"line":27,"column":36}},"locations":[{"start":{"line":27,"column":27},"end":{"line":27,"column":36}}]},"16":{"type":"branch","line":27,"loc":{"start":{"line":27,"column":37},"end":{"line":27,"column":48}},"locations":[{"start":{"line":27,"column":37},"end":{"line":27,"column":48}}]},"17":{"type":"branch","line":30,"loc":{"start":{"line":30,"column":-1},"end":{"line":30,"column":50}},"locations":[{"start":{"line":30,"column":-1},"end":{"line":30,"column":50}}]},"18":{"type":"branch","line":30,"loc":{"start":{"line":30,"column":-1},"end":{"line":30,"column":27}},"locations":[{"start":{"line":30,"column":-1},"end":{"line":30,"column":27}}]},"19":{"type":"branch","line":30,"loc":{"start":{"line":30,"column":21},"end":{"line":30,"column":50}},"locations":[{"start":{"line":30,"column":21},"end":{"line":30,"column":50}}]},"20":{"type":"branch","line":31,"loc":{"start":{"line":31,"column":4},"end":{"line":39,"column":3}},"locations":[{"start":{"line":31,"column":4},"end":{"line":39,"column":3}}]}},"b":{"0":[28],"1":[28],"2":[1],"3":[0],"4":[0],"5":[0],"6":[0],"7":[0],"8":[0],"9":[0],"10":[0],"11":[0],"12":[0],"13":[0],"14":[0],"15":[5],"16":[23],"17":[25],"18":[20],"19":[0],"20":[0]},"fnMap":{"0":{"name":"Object.<anonymous>.exports.default","decl":{"start":{"line":6,"column":15},"end":{"line":40,"column":1}},"loc":{"start":{"line":6,"column":15},"end":{"line":40,"column":1}},"line":6}},"f":{"0":28}}
,"/home/anas/home/plus/back-office-service-plus/src/configs/passport/index.ts": {"path":"/home/anas/home/plus/back-office-service-plus/src/configs/passport/index.ts","all":false,"statementMap":{"0":{"start":{"line":1,"column":0},"end":{"line":1,"column":32}},"1":{"start":{"line":2,"column":0},"end":{"line":2,"column":67}},"2":{"start":{"line":3,"column":0},"end":{"line":3,"column":58}},"3":{"start":{"line":4,"column":0},"end":{"line":4,"column":54}},"4":{"start":{"line":5,"column":0},"end":{"line":5,"column":66}},"5":{"start":{"line":6,"column":0},"end":{"line":6,"column":41}},"6":{"start":{"line":7,"column":0},"end":{"line":7,"column":0}},"7":{"start":{"line":8,"column":0},"end":{"line":8,"column":30}},"8":{"start":{"line":9,"column":0},"end":{"line":9,"column":58}},"9":{"start":{"line":10,"column":0},"end":{"line":10,"column":36}},"10":{"start":{"line":11,"column":0},"end":{"line":11,"column":31}},"11":{"start":{"line":12,"column":0},"end":{"line":12,"column":9}},"12":{"start":{"line":13,"column":0},"end":{"line":13,"column":69}},"13":{"start":{"line":14,"column":0},"end":{"line":14,"column":18}},"14":{"start":{"line":15,"column":0},"end":{"line":15,"column":123}},"15":{"start":{"line":16,"column":0},"end":{"line":16,"column":7}},"16":{"start":{"line":17,"column":0},"end":{"line":17,"column":24}},"17":{"start":{"line":18,"column":0},"end":{"line":18,"column":29}},"18":{"start":{"line":19,"column":0},"end":{"line":19,"column":30}},"19":{"start":{"line":20,"column":0},"end":{"line":20,"column":22}},"20":{"start":{"line":21,"column":0},"end":{"line":21,"column":20}},"21":{"start":{"line":22,"column":0},"end":{"line":22,"column":5}},"22":{"start":{"line":23,"column":0},"end":{"line":23,"column":4}},"23":{"start":{"line":24,"column":0},"end":{"line":24,"column":2}},"24":{"start":{"line":25,"column":0},"end":{"line":25,"column":0}},"25":{"start":{"line":26,"column":0},"end":{"line":26,"column":47}},"26":{"start":{"line":27,"column":0},"end":{"line":27,"column":28}},"27":{"start":{"line":28,"column":0},"end":{"line":28,"column":27}},"28":{"start":{"line":29,"column":0},"end":{"line":29,"column":56}},"29":{"start":{"line":30,"column":0},"end":{"line":30,"column":7}},"30":{"start":{"line":31,"column":0},"end":{"line":31,"column":22}},"31":{"start":{"line":32,"column":0},"end":{"line":32,"column":38}},"32":{"start":{"line":33,"column":0},"end":{"line":33,"column":70}},"33":{"start":{"line":34,"column":0},"end":{"line":34,"column":16}},"34":{"start":{"line":35,"column":0},"end":{"line":35,"column":59}},"35":{"start":{"line":36,"column":0},"end":{"line":36,"column":5}},"36":{"start":{"line":37,"column":0},"end":{"line":37,"column":26}},"37":{"start":{"line":38,"column":0},"end":{"line":38,"column":59}},"38":{"start":{"line":39,"column":0},"end":{"line":39,"column":16}},"39":{"start":{"line":40,"column":0},"end":{"line":40,"column":113}},"40":{"start":{"line":41,"column":0},"end":{"line":41,"column":5}},"41":{"start":{"line":42,"column":0},"end":{"line":42,"column":32}},"42":{"start":{"line":43,"column":0},"end":{"line":43,"column":131}},"43":{"start":{"line":44,"column":0},"end":{"line":44,"column":77}},"44":{"start":{"line":45,"column":0},"end":{"line":45,"column":29}},"45":{"start":{"line":46,"column":0},"end":{"line":46,"column":105}},"46":{"start":{"line":47,"column":0},"end":{"line":47,"column":5}},"47":{"start":{"line":48,"column":0},"end":{"line":48,"column":37}},"48":{"start":{"line":49,"column":0},"end":{"line":49,"column":28}},"49":{"start":{"line":50,"column":0},"end":{"line":50,"column":22}},"50":{"start":{"line":51,"column":0},"end":{"line":51,"column":31}},"51":{"start":{"line":52,"column":0},"end":{"line":52,"column":5}},"52":{"start":{"line":53,"column":0},"end":{"line":53,"column":3}},"53":{"start":{"line":54,"column":0},"end":{"line":54,"column":3}}},"s":{"0":1,"1":1,"2":1,"3":1,"4":1,"5":1,"6":1,"7":1,"8":1,"9":1,"10":1,"11":26,"12":26,"13":26,"14":0,"15":0,"16":26,"17":26,"18":26,"19":26,"20":0,"21":0,"22":26,"23":1,"24":1,"25":1,"26":1,"27":1,"28":1,"29":5,"30":5,"31":5,"32":5,"33":5,"34":1,"35":1,"36":4,"37":4,"38":5,"39":0,"40":0,"41":4,"42":5,"43":4,"44":5,"45":0,"46":0,"47":4,"48":4,"49":5,"50":0,"51":0,"52":5,"53":1},"branchMap":{"0":{"type":"branch","line":11,"loc":{"start":{"line":11,"column":5},"end":{"line":23,"column":4}},"locations":[{"start":{"line":11,"column":5},"end":{"line":23,"column":4}}]},"1":{"type":"branch","line":11,"loc":{"start":{"line":11,"column":29},"end":{"line":23,"column":4}},"locations":[{"start":{"line":11,"column":29},"end":{"line":23,"column":4}}]},"2":{"type":"branch","line":14,"loc":{"start":{"line":14,"column":17},"end":{"line":16,"column":7}},"locations":[{"start":{"line":14,"column":17},"end":{"line":16,"column":7}}]},"3":{"type":"branch","line":20,"loc":{"start":{"line":20,"column":6},"end":{"line":22,"column":5}},"locations":[{"start":{"line":20,"column":6},"end":{"line":22,"column":5}}]},"4":{"type":"branch","line":29,"loc":{"start":{"line":29,"column":3},"end":{"line":53,"column":3}},"locations":[{"start":{"line":29,"column":3},"end":{"line":53,"column":3}}]},"5":{"type":"branch","line":29,"loc":{"start":{"line":29,"column":54},"end":{"line":53,"column":3}},"locations":[{"start":{"line":29,"column":54},"end":{"line":53,"column":3}}]},"6":{"type":"branch","line":34,"loc":{"start":{"line":34,"column":15},"end":{"line":39,"column":15}},"locations":[{"start":{"line":34,"column":15},"end":{"line":39,"column":15}}]},"7":{"type":"branch","line":34,"loc":{"start":{"line":34,"column":15},"end":{"line":36,"column":5}},"locations":[{"start":{"line":34,"column":15},"end":{"line":36,"column":5}}]},"8":{"type":"branch","line":39,"loc":{"start":{"line":39,"column":15},"end":{"line":41,"column":5}},"locations":[{"start":{"line":39,"column":15},"end":{"line":41,"column":5}}]},"9":{"type":"branch","line":42,"loc":{"start":{"line":42,"column":-1},"end":{"line":43,"column":31}},"locations":[{"start":{"line":42,"column":-1},"end":{"line":43,"column":31}}]},"10":{"type":"branch","line":43,"loc":{"start":{"line":43,"column":24},"end":{"line":43,"column":131}},"locations":[{"start":{"line":43,"column":24},"end":{"line":43,"column":131}}]},"11":{"type":"branch","line":44,"loc":{"start":{"line":44,"column":-1},"end":{"line":45,"column":28}},"locations":[{"start":{"line":44,"column":-1},"end":{"line":45,"column":28}}]},"12":{"type":"branch","line":45,"loc":{"start":{"line":45,"column":28},"end":{"line":47,"column":5}},"locations":[{"start":{"line":45,"column":28},"end":{"line":47,"column":5}}]},"13":{"type":"branch","line":48,"loc":{"start":{"line":48,"column":-1},"end":{"line":50,"column":13}},"locations":[{"start":{"line":48,"column":-1},"end":{"line":50,"column":13}}]},"14":{"type":"branch","line":50,"loc":{"start":{"line":50,"column":6},"end":{"line":52,"column":5}},"locations":[{"start":{"line":50,"column":6},"end":{"line":52,"column":5}}]}},"b":{"0":[26],"1":[26],"2":[0],"3":[0],"4":[5],"5":[5],"6":[4],"7":[1],"8":[0],"9":[4],"10":[0],"11":[4],"12":[0],"13":[4],"14":[0]},"fnMap":{},"f":{}}
,"/home/anas/home/plus/back-office-service-plus/src/configs/passport/passport.service.ts": {"path":"/home/anas/home/plus/back-office-service-plus/src/configs/passport/passport.service.ts","all":false,"statementMap":{"0":{"start":{"line":1,"column":0},"end":{"line":1,"column":48}},"1":{"start":{"line":2,"column":0},"end":{"line":2,"column":28}},"2":{"start":{"line":3,"column":0},"end":{"line":3,"column":31}},"3":{"start":{"line":4,"column":0},"end":{"line":4,"column":0}},"4":{"start":{"line":5,"column":0},"end":{"line":5,"column":49}},"5":{"start":{"line":6,"column":0},"end":{"line":6,"column":46}},"6":{"start":{"line":7,"column":0},"end":{"line":7,"column":12}},"7":{"start":{"line":8,"column":0},"end":{"line":8,"column":25}},"8":{"start":{"line":9,"column":0},"end":{"line":9,"column":21}},"9":{"start":{"line":10,"column":0},"end":{"line":10,"column":18}},"10":{"start":{"line":11,"column":0},"end":{"line":11,"column":6}},"11":{"start":{"line":12,"column":0},"end":{"line":12,"column":13}},"12":{"start":{"line":13,"column":0},"end":{"line":13,"column":15}},"13":{"start":{"line":14,"column":0},"end":{"line":14,"column":21}},"14":{"start":{"line":15,"column":0},"end":{"line":15,"column":22}},"15":{"start":{"line":16,"column":0},"end":{"line":16,"column":21}},"16":{"start":{"line":17,"column":0},"end":{"line":17,"column":6}},"17":{"start":{"line":18,"column":0},"end":{"line":18,"column":5}},"18":{"start":{"line":19,"column":0},"end":{"line":19,"column":16}},"19":{"start":{"line":20,"column":0},"end":{"line":20,"column":1}},"20":{"start":{"line":21,"column":0},"end":{"line":21,"column":0}},"21":{"start":{"line":22,"column":0},"end":{"line":22,"column":50}},"22":{"start":{"line":23,"column":0},"end":{"line":23,"column":56}},"23":{"start":{"line":24,"column":0},"end":{"line":24,"column":77}},"24":{"start":{"line":25,"column":0},"end":{"line":25,"column":74}},"25":{"start":{"line":26,"column":0},"end":{"line":26,"column":19}},"26":{"start":{"line":27,"column":0},"end":{"line":27,"column":1}},"27":{"start":{"line":28,"column":0},"end":{"line":28,"column":0}},"28":{"start":{"line":29,"column":0},"end":{"line":29,"column":18}},"29":{"start":{"line":30,"column":0},"end":{"line":30,"column":16}},"30":{"start":{"line":31,"column":0},"end":{"line":31,"column":15}},"31":{"start":{"line":32,"column":0},"end":{"line":32,"column":1}},"32":{"start":{"line":33,"column":0},"end":{"line":33,"column":0}},"33":{"start":{"line":34,"column":0},"end":{"line":34,"column":46}},"34":{"start":{"line":35,"column":0},"end":{"line":35,"column":43}},"35":{"start":{"line":36,"column":0},"end":{"line":36,"column":51}},"36":{"start":{"line":37,"column":0},"end":{"line":37,"column":100}},"37":{"start":{"line":38,"column":0},"end":{"line":38,"column":38}},"38":{"start":{"line":39,"column":0},"end":{"line":39,"column":1}},"39":{"start":{"line":40,"column":0},"end":{"line":40,"column":0}},"40":{"start":{"line":41,"column":0},"end":{"line":41,"column":8}},"41":{"start":{"line":42,"column":0},"end":{"line":42,"column":14}},"42":{"start":{"line":43,"column":0},"end":{"line":43,"column":18}},"43":{"start":{"line":44,"column":0},"end":{"line":44,"column":15}},"44":{"start":{"line":45,"column":0},"end":{"line":45,"column":1}}},"s":{"0":1,"1":1,"2":1,"3":1,"4":1,"5":30,"6":30,"7":30,"8":30,"9":30,"10":30,"11":30,"12":30,"13":30,"14":30,"15":30,"16":30,"17":30,"18":30,"19":30,"20":1,"21":1,"22":1,"23":1,"24":4,"25":4,"26":4,"27":1,"28":1,"29":1,"30":1,"31":1,"32":1,"33":1,"34":5,"35":5,"36":5,"37":5,"38":5,"39":1,"40":1,"41":1,"42":1,"43":1,"44":1},"branchMap":{"0":{"type":"branch","line":5,"loc":{"start":{"line":5,"column":20},"end":{"line":20,"column":1}},"locations":[{"start":{"line":5,"column":20},"end":{"line":20,"column":1}}]},"1":{"type":"branch","line":5,"loc":{"start":{"line":5,"column":47},"end":{"line":20,"column":1}},"locations":[{"start":{"line":5,"column":47},"end":{"line":20,"column":1}}]},"2":{"type":"branch","line":24,"loc":{"start":{"line":24,"column":24},"end":{"line":27,"column":1}},"locations":[{"start":{"line":24,"column":24},"end":{"line":27,"column":1}}]},"3":{"type":"branch","line":24,"loc":{"start":{"line":24,"column":75},"end":{"line":27,"column":1}},"locations":[{"start":{"line":24,"column":75},"end":{"line":27,"column":1}}]},"4":{"type":"branch","line":34,"loc":{"start":{"line":34,"column":22},"end":{"line":39,"column":1}},"locations":[{"start":{"line":34,"column":22},"end":{"line":39,"column":1}}]},"5":{"type":"branch","line":36,"loc":{"start":{"line":36,"column":18},"end":{"line":36,"column":51}},"locations":[{"start":{"line":36,"column":18},"end":{"line":36,"column":51}}]}},"b":{"0":[30],"1":[30],"2":[4],"3":[4],"4":[5],"5":[0]},"fnMap":{"0":{"name":"isUserExist","decl":{"start":{"line":5,"column":20},"end":{"line":20,"column":1}},"loc":{"start":{"line":5,"column":20},"end":{"line":20,"column":1}},"line":5},"1":{"name":"comparePassword","decl":{"start":{"line":24,"column":24},"end":{"line":27,"column":1}},"loc":{"start":{"line":24,"column":24},"end":{"line":27,"column":1}},"line":24},"2":{"name":"generateToken","decl":{"start":{"line":34,"column":22},"end":{"line":39,"column":1}},"loc":{"start":{"line":34,"column":22},"end":{"line":39,"column":1}},"line":34}},"f":{"0":30,"1":4,"2":5}}
,"/home/anas/home/plus/back-office-service-plus/src/configs/passport/passport.utils.ts": {"path":"/home/anas/home/plus/back-office-service-plus/src/configs/passport/passport.utils.ts","all":false,"statementMap":{"0":{"start":{"line":1,"column":0},"end":{"line":1,"column":26}},"1":{"start":{"line":2,"column":0},"end":{"line":2,"column":16}},"2":{"start":{"line":3,"column":0},"end":{"line":3,"column":18}},"3":{"start":{"line":4,"column":0},"end":{"line":4,"column":1}},"4":{"start":{"line":5,"column":0},"end":{"line":5,"column":0}},"5":{"start":{"line":6,"column":0},"end":{"line":6,"column":84}},"6":{"start":{"line":7,"column":0},"end":{"line":7,"column":56}},"7":{"start":{"line":8,"column":0},"end":{"line":8,"column":26}},"8":{"start":{"line":9,"column":0},"end":{"line":9,"column":27}},"9":{"start":{"line":10,"column":0},"end":{"line":10,"column":0}},"10":{"start":{"line":11,"column":0},"end":{"line":11,"column":53}},"11":{"start":{"line":12,"column":0},"end":{"line":12,"column":16}},"12":{"start":{"line":13,"column":0},"end":{"line":13,"column":49}},"13":{"start":{"line":14,"column":0},"end":{"line":14,"column":59}},"14":{"start":{"line":15,"column":0},"end":{"line":15,"column":16}},"15":{"start":{"line":16,"column":0},"end":{"line":16,"column":50}},"16":{"start":{"line":17,"column":0},"end":{"line":17,"column":61}},"17":{"start":{"line":18,"column":0},"end":{"line":18,"column":16}},"18":{"start":{"line":19,"column":0},"end":{"line":19,"column":65}},"19":{"start":{"line":20,"column":0},"end":{"line":20,"column":3}},"20":{"start":{"line":21,"column":0},"end":{"line":21,"column":11}},"21":{"start":{"line":22,"column":0},"end":{"line":22,"column":19}},"22":{"start":{"line":23,"column":0},"end":{"line":23,"column":20}},"23":{"start":{"line":24,"column":0},"end":{"line":24,"column":5}},"24":{"start":{"line":25,"column":0},"end":{"line":25,"column":1}},"25":{"start":{"line":26,"column":0},"end":{"line":26,"column":0}},"26":{"start":{"line":27,"column":0},"end":{"line":27,"column":8}},"27":{"start":{"line":28,"column":0},"end":{"line":28,"column":20}},"28":{"start":{"line":29,"column":0},"end":{"line":29,"column":1}}},"s":{"0":1,"1":1,"2":1,"3":1,"4":1,"5":1,"6":5,"7":5,"8":5,"9":5,"10":5,"11":0,"12":0,"13":5,"14":0,"15":0,"16":5,"17":1,"18":1,"19":1,"20":5,"21":5,"22":5,"23":5,"24":5,"25":1,"26":1,"27":1,"28":1},"branchMap":{"0":{"type":"branch","line":6,"loc":{"start":{"line":6,"column":27},"end":{"line":25,"column":1}},"locations":[{"start":{"line":6,"column":27},"end":{"line":25,"column":1}}]},"1":{"type":"branch","line":11,"loc":{"start":{"line":11,"column":52},"end":{"line":14,"column":9}},"locations":[{"start":{"line":11,"column":52},"end":{"line":14,"column":9}}]},"2":{"type":"branch","line":14,"loc":{"start":{"line":14,"column":57},"end":{"line":17,"column":9}},"locations":[{"start":{"line":14,"column":57},"end":{"line":17,"column":9}}]},"3":{"type":"branch","line":17,"loc":{"start":{"line":17,"column":34},"end":{"line":17,"column":59}},"locations":[{"start":{"line":17,"column":34},"end":{"line":17,"column":59}}]},"4":{"type":"branch","line":17,"loc":{"start":{"line":17,"column":60},"end":{"line":20,"column":3}},"locations":[{"start":{"line":17,"column":60},"end":{"line":20,"column":3}}]}},"b":{"0":[5],"1":[0],"2":[0],"3":[4],"4":[1]},"fnMap":{"0":{"name":"isCredentialsValid","decl":{"start":{"line":6,"column":27},"end":{"line":25,"column":1}},"loc":{"start":{"line":6,"column":27},"end":{"line":25,"column":1}},"line":6}},"f":{"0":5}}
,"/home/anas/home/plus/back-office-service-plus/src/models/agent/agent.controller.ts": {"path":"/home/anas/home/plus/back-office-service-plus/src/models/agent/agent.controller.ts","all":false,"statementMap":{"0":{"start":{"line":1,"column":0},"end":{"line":1,"column":58}},"1":{"start":{"line":2,"column":0},"end":{"line":2,"column":41}},"2":{"start":{"line":3,"column":0},"end":{"line":3,"column":43}},"3":{"start":{"line":4,"column":0},"end":{"line":4,"column":188}},"4":{"start":{"line":5,"column":0},"end":{"line":5,"column":0}},"5":{"start":{"line":6,"column":0},"end":{"line":6,"column":22}},"6":{"start":{"line":7,"column":0},"end":{"line":7,"column":77}},"7":{"start":{"line":8,"column":0},"end":{"line":8,"column":89}},"8":{"start":{"line":9,"column":0},"end":{"line":9,"column":33}},"9":{"start":{"line":10,"column":0},"end":{"line":10,"column":71}},"10":{"start":{"line":11,"column":0},"end":{"line":11,"column":66}},"11":{"start":{"line":12,"column":0},"end":{"line":12,"column":75}},"12":{"start":{"line":13,"column":0},"end":{"line":13,"column":9}},"13":{"start":{"line":14,"column":0},"end":{"line":14,"column":1}},"14":{"start":{"line":15,"column":0},"end":{"line":15,"column":0}},"15":{"start":{"line":16,"column":0},"end":{"line":16,"column":81}},"16":{"start":{"line":17,"column":0},"end":{"line":17,"column":74}},"17":{"start":{"line":18,"column":0},"end":{"line":18,"column":66}},"18":{"start":{"line":19,"column":0},"end":{"line":19,"column":63}},"19":{"start":{"line":20,"column":0},"end":{"line":20,"column":71}},"20":{"start":{"line":21,"column":0},"end":{"line":21,"column":9}},"21":{"start":{"line":22,"column":0},"end":{"line":22,"column":1}},"22":{"start":{"line":23,"column":0},"end":{"line":23,"column":0}},"23":{"start":{"line":24,"column":0},"end":{"line":24,"column":78}},"24":{"start":{"line":25,"column":0},"end":{"line":25,"column":59}},"25":{"start":{"line":26,"column":0},"end":{"line":26,"column":68}},"26":{"start":{"line":27,"column":0},"end":{"line":27,"column":65}},"27":{"start":{"line":28,"column":0},"end":{"line":28,"column":74}},"28":{"start":{"line":29,"column":0},"end":{"line":29,"column":9}},"29":{"start":{"line":30,"column":0},"end":{"line":30,"column":1}},"30":{"start":{"line":31,"column":0},"end":{"line":31,"column":0}},"31":{"start":{"line":32,"column":0},"end":{"line":32,"column":80}},"32":{"start":{"line":33,"column":0},"end":{"line":33,"column":83}},"33":{"start":{"line":34,"column":0},"end":{"line":34,"column":77}},"34":{"start":{"line":35,"column":0},"end":{"line":35,"column":73}},"35":{"start":{"line":36,"column":0},"end":{"line":36,"column":9}},"36":{"start":{"line":37,"column":0},"end":{"line":37,"column":1}},"37":{"start":{"line":38,"column":0},"end":{"line":38,"column":0}},"38":{"start":{"line":39,"column":0},"end":{"line":39,"column":80}},"39":{"start":{"line":40,"column":0},"end":{"line":40,"column":60}},"40":{"start":{"line":41,"column":0},"end":{"line":41,"column":73}},"41":{"start":{"line":42,"column":0},"end":{"line":42,"column":69}},"42":{"start":{"line":43,"column":0},"end":{"line":43,"column":73}},"43":{"start":{"line":44,"column":0},"end":{"line":44,"column":9}},"44":{"start":{"line":45,"column":0},"end":{"line":45,"column":1}},"45":{"start":{"line":46,"column":0},"end":{"line":46,"column":0}},"46":{"start":{"line":47,"column":0},"end":{"line":47,"column":16}},"47":{"start":{"line":48,"column":0},"end":{"line":48,"column":11}},"48":{"start":{"line":49,"column":0},"end":{"line":49,"column":12}},"49":{"start":{"line":50,"column":0},"end":{"line":50,"column":15}},"50":{"start":{"line":51,"column":0},"end":{"line":51,"column":14}},"51":{"start":{"line":52,"column":0},"end":{"line":52,"column":14}},"52":{"start":{"line":53,"column":0},"end":{"line":53,"column":2}}},"s":{"0":1,"1":1,"2":1,"3":1,"4":1,"5":1,"6":1,"7":0,"8":0,"9":0,"10":0,"11":0,"12":0,"13":0,"14":1,"15":1,"16":0,"17":0,"18":0,"19":0,"20":0,"21":0,"22":1,"23":1,"24":0,"25":0,"26":0,"27":0,"28":0,"29":0,"30":1,"31":1,"32":0,"33":0,"34":0,"35":0,"36":0,"37":1,"38":1,"39":0,"40":0,"41":0,"42":0,"43":0,"44":0,"45":1,"46":1,"47":1,"48":1,"49":1,"50":1,"51":1,"52":1},"branchMap":{},"b":{},"fnMap":{"0":{"name":"getGuest","decl":{"start":{"line":7,"column":17},"end":{"line":14,"column":1}},"loc":{"start":{"line":7,"column":17},"end":{"line":14,"column":1}},"line":7},"1":{"name":"getGuestByID","decl":{"start":{"line":16,"column":21},"end":{"line":22,"column":1}},"loc":{"start":{"line":16,"column":21},"end":{"line":22,"column":1}},"line":16},"2":{"name":"getGuests","decl":{"start":{"line":24,"column":18},"end":{"line":30,"column":1}},"loc":{"start":{"line":24,"column":18},"end":{"line":30,"column":1}},"line":24},"3":{"name":"updateGuest","decl":{"start":{"line":32,"column":20},"end":{"line":37,"column":1}},"loc":{"start":{"line":32,"column":20},"end":{"line":37,"column":1}},"line":32},"4":{"name":"deleteGuest","decl":{"start":{"line":39,"column":20},"end":{"line":45,"column":1}},"loc":{"start":{"line":39,"column":20},"end":{"line":45,"column":1}},"line":39}},"f":{"0":0,"1":0,"2":0,"3":0,"4":0}}
,"/home/anas/home/plus/back-office-service-plus/src/models/agent/agent.middleware.ts": {"path":"/home/anas/home/plus/back-office-service-plus/src/models/agent/agent.middleware.ts","all":false,"statementMap":{"0":{"start":{"line":1,"column":0},"end":{"line":1,"column":58}},"1":{"start":{"line":2,"column":0},"end":{"line":2,"column":194}},"2":{"start":{"line":3,"column":0},"end":{"line":3,"column":0}},"3":{"start":{"line":4,"column":0},"end":{"line":4,"column":0}},"4":{"start":{"line":5,"column":0},"end":{"line":5,"column":80}},"5":{"start":{"line":6,"column":0},"end":{"line":6,"column":71}},"6":{"start":{"line":7,"column":0},"end":{"line":7,"column":60}},"7":{"start":{"line":8,"column":0},"end":{"line":8,"column":9}},"8":{"start":{"line":9,"column":0},"end":{"line":9,"column":1}},"9":{"start":{"line":10,"column":0},"end":{"line":10,"column":0}},"10":{"start":{"line":11,"column":0},"end":{"line":11,"column":16}},"11":{"start":{"line":12,"column":0},"end":{"line":12,"column":14}},"12":{"start":{"line":13,"column":0},"end":{"line":13,"column":1}}},"s":{"0":1,"1":1,"2":1,"3":1,"4":1,"5":0,"6":0,"7":0,"8":0,"9":1,"10":1,"11":1,"12":1},"branchMap":{},"b":{},"fnMap":{"0":{"name":"updateGuest","decl":{"start":{"line":5,"column":20},"end":{"line":9,"column":1}},"loc":{"start":{"line":5,"column":20},"end":{"line":9,"column":1}},"line":5}},"f":{"0":0}}
,"/home/anas/home/plus/back-office-service-plus/src/models/agent/agent.route.ts": {"path":"/home/anas/home/plus/back-office-service-plus/src/models/agent/agent.route.ts","all":false,"statementMap":{"0":{"start":{"line":1,"column":0},"end":{"line":1,"column":30}},"1":{"start":{"line":2,"column":0},"end":{"line":2,"column":44}},"2":{"start":{"line":3,"column":0},"end":{"line":3,"column":44}},"3":{"start":{"line":4,"column":0},"end":{"line":4,"column":49}},"4":{"start":{"line":5,"column":0},"end":{"line":5,"column":55}},"5":{"start":{"line":6,"column":0},"end":{"line":6,"column":53}},"6":{"start":{"line":7,"column":0},"end":{"line":7,"column":0}},"7":{"start":{"line":8,"column":0},"end":{"line":8,"column":32}},"8":{"start":{"line":9,"column":0},"end":{"line":9,"column":0}},"9":{"start":{"line":10,"column":0},"end":{"line":10,"column":24}},"10":{"start":{"line":11,"column":0},"end":{"line":11,"column":0}},"11":{"start":{"line":12,"column":0},"end":{"line":12,"column":22}},"12":{"start":{"line":13,"column":0},"end":{"line":13,"column":51}},"13":{"start":{"line":14,"column":0},"end":{"line":14,"column":1}},"14":{"start":{"line":15,"column":0},"end":{"line":15,"column":17}},"15":{"start":{"line":16,"column":0},"end":{"line":16,"column":66}},"16":{"start":{"line":17,"column":0},"end":{"line":17,"column":0}},"17":{"start":{"line":18,"column":0},"end":{"line":18,"column":18}},"18":{"start":{"line":19,"column":0},"end":{"line":19,"column":85}},"19":{"start":{"line":20,"column":0},"end":{"line":20,"column":0}},"20":{"start":{"line":21,"column":0},"end":{"line":21,"column":21}},"21":{"start":{"line":22,"column":0},"end":{"line":22,"column":86}},"22":{"start":{"line":23,"column":0},"end":{"line":23,"column":0}},"23":{"start":{"line":24,"column":0},"end":{"line":24,"column":21}},"24":{"start":{"line":25,"column":0},"end":{"line":25,"column":121}},"25":{"start":{"line":26,"column":0},"end":{"line":26,"column":0}},"26":{"start":{"line":27,"column":0},"end":{"line":27,"column":22}}},"s":{"0":1,"1":1,"2":1,"3":1,"4":1,"5":1,"6":1,"7":1,"8":1,"9":1,"10":1,"11":1,"12":1,"13":1,"14":1,"15":1,"16":1,"17":1,"18":1,"19":1,"20":1,"21":1,"22":1,"23":1,"24":1,"25":1,"26":1},"branchMap":{},"b":{},"fnMap":{},"f":{}}
,"/home/anas/home/plus/back-office-service-plus/src/models/agent/agent.service.ts": {"path":"/home/anas/home/plus/back-office-service-plus/src/models/agent/agent.service.ts","all":false,"statementMap":{"0":{"start":{"line":1,"column":0},"end":{"line":1,"column":48}},"1":{"start":{"line":2,"column":0},"end":{"line":2,"column":0}},"2":{"start":{"line":3,"column":0},"end":{"line":3,"column":17}},"3":{"start":{"line":4,"column":0},"end":{"line":4,"column":20}},"4":{"start":{"line":5,"column":0},"end":{"line":5,"column":13}},"5":{"start":{"line":6,"column":0},"end":{"line":6,"column":1}},"6":{"start":{"line":7,"column":0},"end":{"line":7,"column":0}},"7":{"start":{"line":8,"column":0},"end":{"line":8,"column":35}},"8":{"start":{"line":9,"column":0},"end":{"line":9,"column":2}},"9":{"start":{"line":10,"column":0},"end":{"line":10,"column":49}},"10":{"start":{"line":11,"column":0},"end":{"line":11,"column":9}},"11":{"start":{"line":12,"column":0},"end":{"line":12,"column":51}},"12":{"start":{"line":13,"column":0},"end":{"line":13,"column":16}},"13":{"start":{"line":14,"column":0},"end":{"line":14,"column":25}},"14":{"start":{"line":15,"column":0},"end":{"line":15,"column":10}},"15":{"start":{"line":16,"column":0},"end":{"line":16,"column":18}},"16":{"start":{"line":17,"column":0},"end":{"line":17,"column":24}},"17":{"start":{"line":18,"column":0},"end":{"line":18,"column":10}},"18":{"start":{"line":19,"column":0},"end":{"line":19,"column":9}},"19":{"start":{"line":20,"column":0},"end":{"line":20,"column":14}},"20":{"start":{"line":21,"column":0},"end":{"line":21,"column":21}},"21":{"start":{"line":22,"column":0},"end":{"line":22,"column":14}},"22":{"start":{"line":23,"column":0},"end":{"line":23,"column":8}},"23":{"start":{"line":24,"column":0},"end":{"line":24,"column":22}},"24":{"start":{"line":25,"column":0},"end":{"line":25,"column":15}},"25":{"start":{"line":26,"column":0},"end":{"line":26,"column":26}},"26":{"start":{"line":27,"column":0},"end":{"line":27,"column":19}},"27":{"start":{"line":28,"column":0},"end":{"line":28,"column":9}},"28":{"start":{"line":29,"column":0},"end":{"line":29,"column":5}},"29":{"start":{"line":30,"column":0},"end":{"line":30,"column":2}},"30":{"start":{"line":31,"column":0},"end":{"line":31,"column":0}},"31":{"start":{"line":32,"column":0},"end":{"line":32,"column":63}},"32":{"start":{"line":33,"column":0},"end":{"line":33,"column":9}},"33":{"start":{"line":34,"column":0},"end":{"line":34,"column":52}},"34":{"start":{"line":35,"column":0},"end":{"line":35,"column":16}},"35":{"start":{"line":36,"column":0},"end":{"line":36,"column":17}},"36":{"start":{"line":37,"column":0},"end":{"line":37,"column":10}},"37":{"start":{"line":38,"column":0},"end":{"line":38,"column":18}},"38":{"start":{"line":39,"column":0},"end":{"line":39,"column":24}},"39":{"start":{"line":40,"column":0},"end":{"line":40,"column":21}},"40":{"start":{"line":41,"column":0},"end":{"line":41,"column":10}},"41":{"start":{"line":42,"column":0},"end":{"line":42,"column":9}},"42":{"start":{"line":43,"column":0},"end":{"line":43,"column":14}},"43":{"start":{"line":44,"column":0},"end":{"line":44,"column":21}},"44":{"start":{"line":45,"column":0},"end":{"line":45,"column":14}},"45":{"start":{"line":46,"column":0},"end":{"line":46,"column":8}},"46":{"start":{"line":47,"column":0},"end":{"line":47,"column":22}},"47":{"start":{"line":48,"column":0},"end":{"line":48,"column":15}},"48":{"start":{"line":49,"column":0},"end":{"line":49,"column":26}},"49":{"start":{"line":50,"column":0},"end":{"line":50,"column":19}},"50":{"start":{"line":51,"column":0},"end":{"line":51,"column":9}},"51":{"start":{"line":52,"column":0},"end":{"line":52,"column":5}},"52":{"start":{"line":53,"column":0},"end":{"line":53,"column":3}},"53":{"start":{"line":54,"column":0},"end":{"line":54,"column":0}},"54":{"start":{"line":55,"column":0},"end":{"line":55,"column":61}},"55":{"start":{"line":56,"column":0},"end":{"line":56,"column":9}},"56":{"start":{"line":57,"column":0},"end":{"line":57,"column":49}},"57":{"start":{"line":58,"column":0},"end":{"line":58,"column":19}},"58":{"start":{"line":59,"column":0},"end":{"line":59,"column":9}},"59":{"start":{"line":60,"column":0},"end":{"line":60,"column":14}},"60":{"start":{"line":61,"column":0},"end":{"line":61,"column":21}},"61":{"start":{"line":62,"column":0},"end":{"line":62,"column":13}},"62":{"start":{"line":63,"column":0},"end":{"line":63,"column":8}},"63":{"start":{"line":64,"column":0},"end":{"line":64,"column":22}},"64":{"start":{"line":65,"column":0},"end":{"line":65,"column":21}},"65":{"start":{"line":66,"column":0},"end":{"line":66,"column":15}},"66":{"start":{"line":67,"column":0},"end":{"line":67,"column":26}},"67":{"start":{"line":68,"column":0},"end":{"line":68,"column":19}},"68":{"start":{"line":69,"column":0},"end":{"line":69,"column":9}},"69":{"start":{"line":70,"column":0},"end":{"line":70,"column":5}},"70":{"start":{"line":71,"column":0},"end":{"line":71,"column":3}},"71":{"start":{"line":72,"column":0},"end":{"line":72,"column":0}},"72":{"start":{"line":73,"column":0},"end":{"line":73,"column":73}},"73":{"start":{"line":74,"column":0},"end":{"line":74,"column":9}},"74":{"start":{"line":75,"column":0},"end":{"line":75,"column":48}},"75":{"start":{"line":76,"column":0},"end":{"line":76,"column":16}},"76":{"start":{"line":77,"column":0},"end":{"line":77,"column":17}},"77":{"start":{"line":78,"column":0},"end":{"line":78,"column":10}},"78":{"start":{"line":79,"column":0},"end":{"line":79,"column":18}},"79":{"start":{"line":80,"column":0},"end":{"line":80,"column":9}},"80":{"start":{"line":81,"column":0},"end":{"line":81,"column":14}},"81":{"start":{"line":82,"column":0},"end":{"line":82,"column":21}},"82":{"start":{"line":83,"column":0},"end":{"line":83,"column":14}},"83":{"start":{"line":84,"column":0},"end":{"line":84,"column":8}},"84":{"start":{"line":85,"column":0},"end":{"line":85,"column":22}},"85":{"start":{"line":86,"column":0},"end":{"line":86,"column":15}},"86":{"start":{"line":87,"column":0},"end":{"line":87,"column":26}},"87":{"start":{"line":88,"column":0},"end":{"line":88,"column":19}},"88":{"start":{"line":89,"column":0},"end":{"line":89,"column":9}},"89":{"start":{"line":90,"column":0},"end":{"line":90,"column":5}},"90":{"start":{"line":91,"column":0},"end":{"line":91,"column":3}},"91":{"start":{"line":92,"column":0},"end":{"line":92,"column":0}},"92":{"start":{"line":93,"column":0},"end":{"line":93,"column":62}},"93":{"start":{"line":94,"column":0},"end":{"line":94,"column":9}},"94":{"start":{"line":95,"column":0},"end":{"line":95,"column":48}},"95":{"start":{"line":96,"column":0},"end":{"line":96,"column":16}},"96":{"start":{"line":97,"column":0},"end":{"line":97,"column":17}},"97":{"start":{"line":98,"column":0},"end":{"line":98,"column":10}},"98":{"start":{"line":99,"column":0},"end":{"line":99,"column":15}},"99":{"start":{"line":100,"column":0},"end":{"line":100,"column":23}},"100":{"start":{"line":101,"column":0},"end":{"line":101,"column":9}},"101":{"start":{"line":102,"column":0},"end":{"line":102,"column":9}},"102":{"start":{"line":103,"column":0},"end":{"line":103,"column":14}},"103":{"start":{"line":104,"column":0},"end":{"line":104,"column":21}},"104":{"start":{"line":105,"column":0},"end":{"line":105,"column":14}},"105":{"start":{"line":106,"column":0},"end":{"line":106,"column":8}},"106":{"start":{"line":107,"column":0},"end":{"line":107,"column":22}},"107":{"start":{"line":108,"column":0},"end":{"line":108,"column":15}},"108":{"start":{"line":109,"column":0},"end":{"line":109,"column":26}},"109":{"start":{"line":110,"column":0},"end":{"line":110,"column":19}},"110":{"start":{"line":111,"column":0},"end":{"line":111,"column":9}},"111":{"start":{"line":112,"column":0},"end":{"line":112,"column":5}},"112":{"start":{"line":113,"column":0},"end":{"line":113,"column":3}},"113":{"start":{"line":114,"column":0},"end":{"line":114,"column":1}}},"s":{"0":1,"1":1,"2":1,"3":1,"4":1,"5":1,"6":1,"7":1,"8":1,"9":1,"10":0,"11":0,"12":0,"13":0,"14":0,"15":0,"16":0,"17":0,"18":0,"19":0,"20":0,"21":0,"22":0,"23":0,"24":0,"25":0,"26":0,"27":0,"28":0,"29":0,"30":1,"31":1,"32":0,"33":0,"34":0,"35":0,"36":0,"37":0,"38":0,"39":0,"40":0,"41":0,"42":0,"43":0,"44":0,"45":0,"46":0,"47":0,"48":0,"49":0,"50":0,"51":0,"52":0,"53":1,"54":1,"55":1,"56":1,"57":1,"58":1,"59":1,"60":1,"61":1,"62":1,"63":1,"64":0,"65":0,"66":0,"67":0,"68":0,"69":0,"70":1,"71":1,"72":1,"73":0,"74":0,"75":0,"76":0,"77":0,"78":0,"79":0,"80":0,"81":0,"82":0,"83":0,"84":0,"85":0,"86":0,"87":0,"88":0,"89":0,"90":0,"91":1,"92":1,"93":0,"94":0,"95":0,"96":0,"97":0,"98":0,"99":0,"100":0,"101":0,"102":0,"103":0,"104":0,"105":0,"106":0,"107":0,"108":0,"109":0,"110":0,"111":0,"112":0,"113":1},"branchMap":{"0":{"type":"branch","line":8,"loc":{"start":{"line":8,"column":0},"end":{"line":114,"column":1}},"locations":[{"start":{"line":8,"column":0},"end":{"line":114,"column":1}}]},"1":{"type":"branch","line":55,"loc":{"start":{"line":55,"column":23},"end":{"line":71,"column":3}},"locations":[{"start":{"line":55,"column":23},"end":{"line":71,"column":3}}]},"2":{"type":"branch","line":55,"loc":{"start":{"line":55,"column":59},"end":{"line":71,"column":3}},"locations":[{"start":{"line":55,"column":59},"end":{"line":71,"column":3}}]},"3":{"type":"branch","line":64,"loc":{"start":{"line":64,"column":6},"end":{"line":70,"column":5}},"locations":[{"start":{"line":64,"column":6},"end":{"line":70,"column":5}}]}},"b":{"0":[1],"1":[1],"2":[1],"3":[0]},"fnMap":{"0":{"name":"GuestService","decl":{"start":{"line":8,"column":0},"end":{"line":114,"column":1}},"loc":{"start":{"line":8,"column":0},"end":{"line":114,"column":1}},"line":8},"1":{"name":"GuestService.getGuests","decl":{"start":{"line":10,"column":20},"end":{"line":30,"column":2}},"loc":{"start":{"line":10,"column":20},"end":{"line":30,"column":2}},"line":10},"2":{"name":"GuestService.getGuestByID","decl":{"start":{"line":32,"column":24},"end":{"line":53,"column":3}},"loc":{"start":{"line":32,"column":24},"end":{"line":53,"column":3}},"line":32},"3":{"name":"GuestService.createGuest","decl":{"start":{"line":55,"column":23},"end":{"line":71,"column":3}},"loc":{"start":{"line":55,"column":23},"end":{"line":71,"column":3}},"line":55},"4":{"name":"GuestService.updateGuest","decl":{"start":{"line":73,"column":23},"end":{"line":91,"column":3}},"loc":{"start":{"line":73,"column":23},"end":{"line":91,"column":3}},"line":73},"5":{"name":"GuestService.deleteGuest","decl":{"start":{"line":93,"column":23},"end":{"line":113,"column":3}},"loc":{"start":{"line":93,"column":23},"end":{"line":113,"column":3}},"line":93}},"f":{"0":1,"1":0,"2":0,"3":1,"4":0,"5":0}}
,"/home/anas/home/plus/back-office-service-plus/src/models/authentification/auth.Route.ts": {"path":"/home/anas/home/plus/back-office-service-plus/src/models/authentification/auth.Route.ts","all":false,"statementMap":{"0":{"start":{"line":1,"column":0},"end":{"line":1,"column":30}},"1":{"start":{"line":2,"column":0},"end":{"line":2,"column":71}},"2":{"start":{"line":3,"column":0},"end":{"line":3,"column":71}},"3":{"start":{"line":4,"column":0},"end":{"line":4,"column":49}},"4":{"start":{"line":5,"column":0},"end":{"line":5,"column":32}},"5":{"start":{"line":6,"column":0},"end":{"line":6,"column":31}},"6":{"start":{"line":7,"column":0},"end":{"line":7,"column":0}},"7":{"start":{"line":8,"column":0},"end":{"line":8,"column":86}},"8":{"start":{"line":9,"column":0},"end":{"line":9,"column":78}},"9":{"start":{"line":10,"column":0},"end":{"line":10,"column":32}},"10":{"start":{"line":11,"column":0},"end":{"line":11,"column":0}},"11":{"start":{"line":12,"column":0},"end":{"line":12,"column":31}},"12":{"start":{"line":13,"column":0},"end":{"line":13,"column":109}},"13":{"start":{"line":14,"column":0},"end":{"line":14,"column":109}},"14":{"start":{"line":15,"column":0},"end":{"line":15,"column":93}},"15":{"start":{"line":16,"column":0},"end":{"line":16,"column":0}},"16":{"start":{"line":17,"column":0},"end":{"line":17,"column":22}}},"s":{"0":1,"1":1,"2":1,"3":1,"4":1,"5":1,"6":1,"7":1,"8":1,"9":1,"10":1,"11":1,"12":1,"13":1,"14":1,"15":1,"16":1},"branchMap":{},"b":{},"fnMap":{},"f":{}}
,"/home/anas/home/plus/back-office-service-plus/src/models/authentification/auth.controller.ts": {"path":"/home/anas/home/plus/back-office-service-plus/src/models/authentification/auth.controller.ts","all":false,"statementMap":{"0":{"start":{"line":1,"column":0},"end":{"line":1,"column":58}},"1":{"start":{"line":2,"column":0},"end":{"line":2,"column":72}},"2":{"start":{"line":3,"column":0},"end":{"line":3,"column":92}},"3":{"start":{"line":4,"column":0},"end":{"line":4,"column":60}},"4":{"start":{"line":5,"column":0},"end":{"line":5,"column":0}},"5":{"start":{"line":6,"column":0},"end":{"line":6,"column":86}},"6":{"start":{"line":7,"column":0},"end":{"line":7,"column":49}},"7":{"start":{"line":8,"column":0},"end":{"line":8,"column":71}},"8":{"start":{"line":9,"column":0},"end":{"line":9,"column":85}},"9":{"start":{"line":10,"column":0},"end":{"line":10,"column":9}},"10":{"start":{"line":11,"column":0},"end":{"line":11,"column":2}},"11":{"start":{"line":12,"column":0},"end":{"line":12,"column":0}},"12":{"start":{"line":13,"column":0},"end":{"line":13,"column":0}},"13":{"start":{"line":14,"column":0},"end":{"line":14,"column":92}},"14":{"start":{"line":15,"column":0},"end":{"line":15,"column":69}},"15":{"start":{"line":16,"column":0},"end":{"line":16,"column":68}},"16":{"start":{"line":17,"column":0},"end":{"line":17,"column":24}},"17":{"start":{"line":18,"column":0},"end":{"line":18,"column":90}},"18":{"start":{"line":19,"column":0},"end":{"line":19,"column":54}},"19":{"start":{"line":20,"column":0},"end":{"line":20,"column":3}},"20":{"start":{"line":21,"column":0},"end":{"line":21,"column":81}},"21":{"start":{"line":22,"column":0},"end":{"line":22,"column":9}},"22":{"start":{"line":23,"column":0},"end":{"line":23,"column":1}}},"s":{"0":1,"1":1,"2":1,"3":1,"4":1,"5":1,"6":5,"7":5,"8":5,"9":5,"10":5,"11":1,"12":1,"13":1,"14":1,"15":1,"16":1,"17":0,"18":0,"19":0,"20":1,"21":1,"22":1},"branchMap":{"0":{"type":"branch","line":6,"loc":{"start":{"line":6,"column":32},"end":{"line":11,"column":2}},"locations":[{"start":{"line":6,"column":32},"end":{"line":11,"column":2}}]},"1":{"type":"branch","line":8,"loc":{"start":{"line":8,"column":13},"end":{"line":8,"column":71}},"locations":[{"start":{"line":8,"column":13},"end":{"line":8,"column":71}}]},"2":{"type":"branch","line":14,"loc":{"start":{"line":14,"column":32},"end":{"line":23,"column":1}},"locations":[{"start":{"line":14,"column":32},"end":{"line":23,"column":1}}]},"3":{"type":"branch","line":14,"loc":{"start":{"line":14,"column":90},"end":{"line":23,"column":1}},"locations":[{"start":{"line":14,"column":90},"end":{"line":23,"column":1}}]},"4":{"type":"branch","line":17,"loc":{"start":{"line":17,"column":23},"end":{"line":20,"column":3}},"locations":[{"start":{"line":17,"column":23},"end":{"line":20,"column":3}}]}},"b":{"0":[5],"1":[0],"2":[1],"3":[1],"4":[0]},"fnMap":{"0":{"name":"signInController","decl":{"start":{"line":6,"column":32},"end":{"line":11,"column":2}},"loc":{"start":{"line":6,"column":32},"end":{"line":11,"column":2}},"line":6},"1":{"name":"signUpController","decl":{"start":{"line":14,"column":32},"end":{"line":23,"column":1}},"loc":{"start":{"line":14,"column":32},"end":{"line":23,"column":1}},"line":14}},"f":{"0":5,"1":1}}
,"/home/anas/home/plus/back-office-service-plus/src/models/authentification/auth.middleware.ts": {"path":"/home/anas/home/plus/back-office-service-plus/src/models/authentification/auth.middleware.ts","all":false,"statementMap":{"0":{"start":{"line":1,"column":0},"end":{"line":1,"column":74}},"1":{"start":{"line":2,"column":0},"end":{"line":2,"column":98}},"2":{"start":{"line":3,"column":0},"end":{"line":3,"column":60}},"3":{"start":{"line":4,"column":0},"end":{"line":4,"column":0}},"4":{"start":{"line":5,"column":0},"end":{"line":5,"column":102}},"5":{"start":{"line":6,"column":0},"end":{"line":6,"column":84}},"6":{"start":{"line":7,"column":0},"end":{"line":7,"column":29}},"7":{"start":{"line":8,"column":0},"end":{"line":8,"column":55}},"8":{"start":{"line":9,"column":0},"end":{"line":9,"column":76}},"9":{"start":{"line":10,"column":0},"end":{"line":10,"column":86}},"10":{"start":{"line":11,"column":0},"end":{"line":11,"column":23}},"11":{"start":{"line":12,"column":0},"end":{"line":12,"column":9}},"12":{"start":{"line":13,"column":0},"end":{"line":13,"column":1}},"13":{"start":{"line":14,"column":0},"end":{"line":14,"column":0}},"14":{"start":{"line":15,"column":0},"end":{"line":15,"column":108}},"15":{"start":{"line":16,"column":0},"end":{"line":16,"column":6}},"16":{"start":{"line":17,"column":0},"end":{"line":17,"column":31}},"17":{"start":{"line":18,"column":0},"end":{"line":18,"column":31}},"18":{"start":{"line":19,"column":0},"end":{"line":19,"column":56}},"19":{"start":{"line":20,"column":0},"end":{"line":20,"column":0}},"20":{"start":{"line":21,"column":0},"end":{"line":21,"column":71}},"21":{"start":{"line":22,"column":0},"end":{"line":22,"column":91}},"22":{"start":{"line":23,"column":0},"end":{"line":23,"column":107}},"23":{"start":{"line":24,"column":0},"end":{"line":24,"column":129}},"24":{"start":{"line":25,"column":0},"end":{"line":25,"column":89}},"25":{"start":{"line":26,"column":0},"end":{"line":26,"column":105}},"26":{"start":{"line":27,"column":0},"end":{"line":27,"column":105}},"27":{"start":{"line":28,"column":0},"end":{"line":28,"column":127}},"28":{"start":{"line":29,"column":0},"end":{"line":29,"column":89}},"29":{"start":{"line":30,"column":0},"end":{"line":30,"column":105}},"30":{"start":{"line":31,"column":0},"end":{"line":31,"column":105}},"31":{"start":{"line":32,"column":0},"end":{"line":32,"column":127}},"32":{"start":{"line":33,"column":0},"end":{"line":33,"column":33}},"33":{"start":{"line":34,"column":0},"end":{"line":34,"column":58}},"34":{"start":{"line":35,"column":0},"end":{"line":35,"column":11}},"35":{"start":{"line":36,"column":0},"end":{"line":36,"column":15}},"36":{"start":{"line":37,"column":0},"end":{"line":37,"column":63}},"37":{"start":{"line":38,"column":0},"end":{"line":38,"column":3}},"38":{"start":{"line":39,"column":0},"end":{"line":39,"column":1}}},"s":{"0":1,"1":1,"2":1,"3":1,"4":1,"5":6,"6":6,"7":6,"8":6,"9":6,"10":5,"11":5,"12":5,"13":1,"14":1,"15":4,"16":4,"17":4,"18":4,"19":4,"20":4,"21":4,"22":2,"23":2,"24":1,"25":1,"26":1,"27":1,"28":1,"29":1,"30":1,"31":1,"32":1,"33":1,"34":1,"35":1,"36":0,"37":0,"38":4},"branchMap":{"0":{"type":"branch","line":5,"loc":{"start":{"line":5,"column":48},"end":{"line":13,"column":1}},"locations":[{"start":{"line":5,"column":48},"end":{"line":13,"column":1}}]},"1":{"type":"branch","line":8,"loc":{"start":{"line":8,"column":13},"end":{"line":8,"column":55}},"locations":[{"start":{"line":8,"column":13},"end":{"line":8,"column":55}}]},"2":{"type":"branch","line":9,"loc":{"start":{"line":9,"column":16},"end":{"line":9,"column":18}},"locations":[{"start":{"line":9,"column":16},"end":{"line":9,"column":18}}]},"3":{"type":"branch","line":9,"loc":{"start":{"line":9,"column":16},"end":{"line":9,"column":22}},"locations":[{"start":{"line":9,"column":16},"end":{"line":9,"column":22}}]},"4":{"type":"branch","line":9,"loc":{"start":{"line":9,"column":32},"end":{"line":9,"column":76}},"locations":[{"start":{"line":9,"column":32},"end":{"line":9,"column":76}}]},"5":{"type":"branch","line":10,"loc":{"start":{"line":10,"column":16},"end":{"line":10,"column":18}},"locations":[{"start":{"line":10,"column":16},"end":{"line":10,"column":18}}]},"6":{"type":"branch","line":10,"loc":{"start":{"line":10,"column":16},"end":{"line":10,"column":22}},"locations":[{"start":{"line":10,"column":16},"end":{"line":10,"column":22}}]},"7":{"type":"branch","line":10,"loc":{"start":{"line":10,"column":32},"end":{"line":13,"column":1}},"locations":[{"start":{"line":10,"column":32},"end":{"line":13,"column":1}}]},"8":{"type":"branch","line":10,"loc":{"start":{"line":10,"column":32},"end":{"line":10,"column":86}},"locations":[{"start":{"line":10,"column":32},"end":{"line":10,"column":86}}]},"9":{"type":"branch","line":15,"loc":{"start":{"line":15,"column":48},"end":{"line":39,"column":1}},"locations":[{"start":{"line":15,"column":48},"end":{"line":39,"column":1}}]},"10":{"type":"branch","line":15,"loc":{"start":{"line":15,"column":106},"end":{"line":39,"column":1}},"locations":[{"start":{"line":15,"column":106},"end":{"line":39,"column":1}}]},"11":{"type":"branch","line":21,"loc":{"start":{"line":21,"column":15},"end":{"line":21,"column":71}},"locations":[{"start":{"line":21,"column":15},"end":{"line":21,"column":71}}]},"12":{"type":"branch","line":22,"loc":{"start":{"line":22,"column":25},"end":{"line":24,"column":129}},"locations":[{"start":{"line":22,"column":25},"end":{"line":24,"column":129}}]},"13":{"type":"branch","line":23,"loc":{"start":{"line":23,"column":41},"end":{"line":23,"column":107}},"locations":[{"start":{"line":23,"column":41},"end":{"line":23,"column":107}}]},"14":{"type":"branch","line":24,"loc":{"start":{"line":24,"column":42},"end":{"line":24,"column":129}},"locations":[{"start":{"line":24,"column":42},"end":{"line":24,"column":129}}]},"15":{"type":"branch","line":25,"loc":{"start":{"line":25,"column":-1},"end":{"line":38,"column":3}},"locations":[{"start":{"line":25,"column":-1},"end":{"line":38,"column":3}}]},"16":{"type":"branch","line":25,"loc":{"start":{"line":25,"column":24},"end":{"line":25,"column":89}},"locations":[{"start":{"line":25,"column":24},"end":{"line":25,"column":89}}]},"17":{"type":"branch","line":26,"loc":{"start":{"line":26,"column":39},"end":{"line":26,"column":105}},"locations":[{"start":{"line":26,"column":39},"end":{"line":26,"column":105}}]},"18":{"type":"branch","line":27,"loc":{"start":{"line":27,"column":40},"end":{"line":27,"column":105}},"locations":[{"start":{"line":27,"column":40},"end":{"line":27,"column":105}}]},"19":{"type":"branch","line":28,"loc":{"start":{"line":28,"column":41},"end":{"line":28,"column":127}},"locations":[{"start":{"line":28,"column":41},"end":{"line":28,"column":127}}]},"20":{"type":"branch","line":29,"loc":{"start":{"line":29,"column":24},"end":{"line":29,"column":89}},"locations":[{"start":{"line":29,"column":24},"end":{"line":29,"column":89}}]},"21":{"type":"branch","line":30,"loc":{"start":{"line":30,"column":39},"end":{"line":30,"column":105}},"locations":[{"start":{"line":30,"column":39},"end":{"line":30,"column":105}}]},"22":{"type":"branch","line":31,"loc":{"start":{"line":31,"column":40},"end":{"line":31,"column":105}},"locations":[{"start":{"line":31,"column":40},"end":{"line":31,"column":105}}]},"23":{"type":"branch","line":32,"loc":{"start":{"line":32,"column":41},"end":{"line":32,"column":127}},"locations":[{"start":{"line":32,"column":41},"end":{"line":32,"column":127}}]},"24":{"type":"branch","line":36,"loc":{"start":{"line":36,"column":4},"end":{"line":38,"column":3}},"locations":[{"start":{"line":36,"column":4},"end":{"line":38,"column":3}}]}},"b":{"0":[6],"1":[0],"2":[5],"3":[1],"4":[0],"5":[5],"6":[1],"7":[5],"8":[
[...]
ne":11,"column":1}}]},"1":{"type":"branch","line":6,"loc":{"start":{"line":6,"column":77},"end":{"line":11,"column":1}},"locations":[{"start":{"line":6,"column":77},"end":{"line":11,"column":1}}]},"2":{"type":"branch","line":8,"loc":{"start":{"line":8,"column":18},"end":{"line":9,"column":37}},"locations":[{"start":{"line":8,"column":18},"end":{"line":9,"column":37}}]},"3":{"type":"branch","line":8,"loc":{"start":{"line":8,"column":18},"end":{"line":8,"column":70}},"locations":[{"start":{"line":8,"column":18},"end":{"line":8,"column":70}}]},"4":{"type":"branch","line":9,"loc":{"start":{"line":9,"column":31},"end":{"line":9,"column":76}},"locations":[{"start":{"line":9,"column":31},"end":{"line":9,"column":76}}]},"5":{"type":"branch","line":10,"loc":{"start":{"line":10,"column":-1},"end":{"line":11,"column":1}},"locations":[{"start":{"line":10,"column":-1},"end":{"line":11,"column":1}}]},"6":{"type":"branch","line":13,"loc":{"start":{"line":13,"column":19},"end":{"line":19,"column":1}},"locations":[{"start":{"line":13,"column":19},"end":{"line":19,"column":1}}]},"7":{"type":"branch","line":13,"loc":{"start":{"line":13,"column":77},"end":{"line":19,"column":1}},"locations":[{"start":{"line":13,"column":77},"end":{"line":19,"column":1}}]},"8":{"type":"branch","line":16,"loc":{"start":{"line":16,"column":33},"end":{"line":16,"column":78}},"locations":[{"start":{"line":16,"column":33},"end":{"line":16,"column":78}}]},"9":{"type":"branch","line":17,"loc":{"start":{"line":17,"column":22},"end":{"line":17,"column":72}},"locations":[{"start":{"line":17,"column":22},"end":{"line":17,"column":72}}]}},"b":{"0":[3],"1":[3],"2":[2],"3":[1],"4":[0],"5":[2],"6":[1],"7":[1],"8":[0],"9":[0]},"fnMap":{"0":{"name":"createRole","decl":{"start":{"line":6,"column":19},"end":{"line":11,"column":1}},"loc":{"start":{"line":6,"column":19},"end":{"line":11,"column":1}},"line":6},"1":{"name":"updateRole","decl":{"start":{"line":13,"column":19},"end":{"line":19,"column":1}},"loc":{"start":{"line":13,"column":19},"end":{"line":19,"column":1}},"line":13}},"f":{"0":3,"1":1}}
,"/home/anas/home/plus/back-office-service-plus/src/models/authorization/roles/role.route.ts": {"path":"/home/anas/home/plus/back-office-service-plus/src/models/authorization/roles/role.route.ts","all":false,"statementMap":{"0":{"start":{"line":1,"column":0},"end":{"line":1,"column":30}},"1":{"start":{"line":2,"column":0},"end":{"line":2,"column":43}},"2":{"start":{"line":3,"column":0},"end":{"line":3,"column":43}},"3":{"start":{"line":4,"column":0},"end":{"line":4,"column":58}},"4":{"start":{"line":5,"column":0},"end":{"line":5,"column":48}},"5":{"start":{"line":6,"column":0},"end":{"line":6,"column":56}},"6":{"start":{"line":7,"column":0},"end":{"line":7,"column":0}},"7":{"start":{"line":8,"column":0},"end":{"line":8,"column":32}},"8":{"start":{"line":9,"column":0},"end":{"line":9,"column":0}},"9":{"start":{"line":10,"column":0},"end":{"line":10,"column":24}},"10":{"start":{"line":11,"column":0},"end":{"line":11,"column":0}},"11":{"start":{"line":12,"column":0},"end":{"line":12,"column":22}},"12":{"start":{"line":13,"column":0},"end":{"line":13,"column":51}},"13":{"start":{"line":14,"column":0},"end":{"line":14,"column":0}},"14":{"start":{"line":15,"column":0},"end":{"line":15,"column":16}},"15":{"start":{"line":16,"column":0},"end":{"line":16,"column":86}},"16":{"start":{"line":17,"column":0},"end":{"line":17,"column":0}},"17":{"start":{"line":18,"column":0},"end":{"line":18,"column":31}},"18":{"start":{"line":19,"column":0},"end":{"line":19,"column":83}},"19":{"start":{"line":20,"column":0},"end":{"line":20,"column":0}},"20":{"start":{"line":21,"column":0},"end":{"line":21,"column":20}},"21":{"start":{"line":22,"column":0},"end":{"line":22,"column":116}},"22":{"start":{"line":23,"column":0},"end":{"line":23,"column":0}},"23":{"start":{"line":24,"column":0},"end":{"line":24,"column":17}},"24":{"start":{"line":25,"column":0},"end":{"line":25,"column":118}},"25":{"start":{"line":26,"column":0},"end":{"line":26,"column":0}},"26":{"start":{"line":27,"column":0},"end":{"line":27,"column":57}},"27":{"start":{"line":28,"column":0},"end":{"line":28,"column":84}},"28":{"start":{"line":29,"column":0},"end":{"line":29,"column":0}},"29":{"start":{"line":30,"column":0},"end":{"line":30,"column":22}}},"s":{"0":1,"1":1,"2":1,"3":1,"4":1,"5":1,"6":1,"7":1,"8":1,"9":1,"10":1,"11":1,"12":1,"13":1,"14":1,"15":1,"16":1,"17":1,"18":1,"19":1,"20":1,"21":1,"22":1,"23":1,"24":1,"25":1,"26":1,"27":1,"28":1,"29":1},"branchMap":{},"b":{},"fnMap":{},"f":{}}
,"/home/anas/home/plus/back-office-service-plus/src/models/authorization/roles/role.service.ts": {"path":"/home/anas/home/plus/back-office-service-plus/src/models/authorization/roles/role.service.ts","all":false,"statementMap":{"0":{"start":{"line":1,"column":0},"end":{"line":1,"column":51}},"1":{"start":{"line":2,"column":0},"end":{"line":2,"column":0}},"2":{"start":{"line":3,"column":0},"end":{"line":3,"column":34}},"3":{"start":{"line":4,"column":0},"end":{"line":4,"column":0}},"4":{"start":{"line":5,"column":0},"end":{"line":5,"column":41}},"5":{"start":{"line":6,"column":0},"end":{"line":6,"column":9}},"6":{"start":{"line":7,"column":0},"end":{"line":7,"column":57}},"7":{"start":{"line":8,"column":0},"end":{"line":8,"column":16}},"8":{"start":{"line":9,"column":0},"end":{"line":9,"column":26}},"9":{"start":{"line":10,"column":0},"end":{"line":10,"column":10}},"10":{"start":{"line":11,"column":0},"end":{"line":11,"column":17}},"11":{"start":{"line":12,"column":0},"end":{"line":12,"column":17}},"12":{"start":{"line":13,"column":0},"end":{"line":13,"column":21}},"13":{"start":{"line":14,"column":0},"end":{"line":14,"column":25}},"14":{"start":{"line":15,"column":0},"end":{"line":15,"column":23}},"15":{"start":{"line":16,"column":0},"end":{"line":16,"column":14}},"16":{"start":{"line":17,"column":0},"end":{"line":17,"column":12}},"17":{"start":{"line":18,"column":0},"end":{"line":18,"column":10}},"18":{"start":{"line":19,"column":0},"end":{"line":19,"column":9}},"19":{"start":{"line":20,"column":0},"end":{"line":20,"column":28}},"20":{"start":{"line":21,"column":0},"end":{"line":21,"column":30}},"21":{"start":{"line":22,"column":0},"end":{"line":22,"column":37}},"22":{"start":{"line":23,"column":0},"end":{"line":23,"column":27}},"23":{"start":{"line":24,"column":0},"end":{"line":24,"column":11}},"24":{"start":{"line":25,"column":0},"end":{"line":25,"column":9}},"25":{"start":{"line":26,"column":0},"end":{"line":26,"column":19}},"26":{"start":{"line":27,"column":0},"end":{"line":27,"column":17}},"27":{"start":{"line":28,"column":0},"end":{"line":28,"column":18}},"28":{"start":{"line":29,"column":0},"end":{"line":29,"column":5}},"29":{"start":{"line":30,"column":0},"end":{"line":30,"column":3}},"30":{"start":{"line":31,"column":0},"end":{"line":31,"column":0}},"31":{"start":{"line":32,"column":0},"end":{"line":32,"column":28}},"32":{"start":{"line":33,"column":0},"end":{"line":33,"column":9}},"33":{"start":{"line":34,"column":0},"end":{"line":34,"column":42}},"34":{"start":{"line":35,"column":0},"end":{"line":35,"column":16}},"35":{"start":{"line":36,"column":0},"end":{"line":36,"column":25}},"36":{"start":{"line":37,"column":0},"end":{"line":37,"column":10}},"37":{"start":{"line":38,"column":0},"end":{"line":38,"column":18}},"38":{"start":{"line":39,"column":0},"end":{"line":39,"column":28}},"39":{"start":{"line":40,"column":0},"end":{"line":40,"column":20}},"40":{"start":{"line":41,"column":0},"end":{"line":41,"column":21}},"41":{"start":{"line":42,"column":0},"end":{"line":42,"column":23}},"42":{"start":{"line":43,"column":0},"end":{"line":43,"column":29}},"43":{"start":{"line":44,"column":0},"end":{"line":44,"column":27}},"44":{"start":{"line":45,"column":0},"end":{"line":45,"column":30}},"45":{"start":{"line":46,"column":0},"end":{"line":46,"column":30}},"46":{"start":{"line":47,"column":0},"end":{"line":47,"column":14}},"47":{"start":{"line":48,"column":0},"end":{"line":48,"column":11}},"48":{"start":{"line":49,"column":0},"end":{"line":49,"column":10}},"49":{"start":{"line":50,"column":0},"end":{"line":50,"column":9}},"50":{"start":{"line":51,"column":0},"end":{"line":51,"column":17}},"51":{"start":{"line":52,"column":0},"end":{"line":52,"column":18}},"52":{"start":{"line":53,"column":0},"end":{"line":53,"column":5}},"53":{"start":{"line":54,"column":0},"end":{"line":54,"column":3}},"54":{"start":{"line":55,"column":0},"end":{"line":55,"column":0}},"55":{"start":{"line":56,"column":0},"end":{"line":56,"column":40}},"56":{"start":{"line":57,"column":0},"end":{"line":57,"column":9}},"57":{"start":{"line":58,"column":0},"end":{"line":58,"column":44}},"58":{"start":{"line":59,"column":0},"end":{"line":59,"column":16}},"59":{"start":{"line":60,"column":0},"end":{"line":60,"column":17}},"60":{"start":{"line":61,"column":0},"end":{"line":61,"column":10}},"61":{"start":{"line":62,"column":0},"end":{"line":62,"column":18}},"62":{"start":{"line":63,"column":0},"end":{"line":63,"column":28}},"63":{"start":{"line":64,"column":0},"end":{"line":64,"column":20}},"64":{"start":{"line":65,"column":0},"end":{"line":65,"column":21}},"65":{"start":{"line":66,"column":0},"end":{"line":66,"column":23}},"66":{"start":{"line":67,"column":0},"end":{"line":67,"column":29}},"67":{"start":{"line":68,"column":0},"end":{"line":68,"column":27}},"68":{"start":{"line":69,"column":0},"end":{"line":69,"column":30}},"69":{"start":{"line":70,"column":0},"end":{"line":70,"column":30}},"70":{"start":{"line":71,"column":0},"end":{"line":71,"column":14}},"71":{"start":{"line":72,"column":0},"end":{"line":72,"column":11}},"72":{"start":{"line":73,"column":0},"end":{"line":73,"column":10}},"73":{"start":{"line":74,"column":0},"end":{"line":74,"column":9}},"74":{"start":{"line":75,"column":0},"end":{"line":75,"column":17}},"75":{"start":{"line":76,"column":0},"end":{"line":76,"column":18}},"76":{"start":{"line":77,"column":0},"end":{"line":77,"column":5}},"77":{"start":{"line":78,"column":0},"end":{"line":78,"column":3}},"78":{"start":{"line":79,"column":0},"end":{"line":79,"column":0}},"79":{"start":{"line":80,"column":0},"end":{"line":80,"column":38}},"80":{"start":{"line":81,"column":0},"end":{"line":81,"column":9}},"81":{"start":{"line":82,"column":0},"end":{"line":82,"column":40}},"82":{"start":{"line":83,"column":0},"end":{"line":83,"column":19}},"83":{"start":{"line":84,"column":0},"end":{"line":84,"column":9}},"84":{"start":{"line":85,"column":0},"end":{"line":85,"column":17}},"85":{"start":{"line":86,"column":0},"end":{"line":86,"column":21}},"86":{"start":{"line":87,"column":0},"end":{"line":87,"column":18}},"87":{"start":{"line":88,"column":0},"end":{"line":88,"column":5}},"88":{"start":{"line":89,"column":0},"end":{"line":89,"column":3}},"89":{"start":{"line":90,"column":0},"end":{"line":90,"column":0}},"90":{"start":{"line":91,"column":0},"end":{"line":91,"column":50}},"91":{"start":{"line":92,"column":0},"end":{"line":92,"column":9}},"92":{"start":{"line":93,"column":0},"end":{"line":93,"column":54}},"93":{"start":{"line":94,"column":0},"end":{"line":94,"column":16}},"94":{"start":{"line":95,"column":0},"end":{"line":95,"column":17}},"95":{"start":{"line":96,"column":0},"end":{"line":96,"column":10}},"96":{"start":{"line":97,"column":0},"end":{"line":97,"column":15}},"97":{"start":{"line":98,"column":0},"end":{"line":98,"column":24}},"98":{"start":{"line":99,"column":0},"end":{"line":99,"column":10}},"99":{"start":{"line":100,"column":0},"end":{"line":100,"column":9}},"100":{"start":{"line":101,"column":0},"end":{"line":101,"column":25}},"101":{"start":{"line":102,"column":0},"end":{"line":102,"column":42}},"102":{"start":{"line":103,"column":0},"end":{"line":103,"column":21}},"103":{"start":{"line":104,"column":0},"end":{"line":104,"column":11}},"104":{"start":{"line":105,"column":0},"end":{"line":105,"column":7}},"105":{"start":{"line":106,"column":0},"end":{"line":106,"column":18}},"106":{"start":{"line":107,"column":0},"end":{"line":107,"column":17}},"107":{"start":{"line":108,"column":0},"end":{"line":108,"column":18}},"108":{"start":{"line":109,"column":0},"end":{"line":109,"column":5}},"109":{"start":{"line":110,"column":0},"end":{"line":110,"column":3}},"110":{"start":{"line":111,"column":0},"end":{"line":111,"column":0}},"111":{"start":{"line":112,"column":0},"end":{"line":112,"column":39}},"112":{"start":{"line":113,"column":0},"end":{"line":113,"column":9}},"113":{"start":{"line":114,"column":0},"end":{"line":114,"column":40}},"114":{"start":{"line":115,"column":0},"end":{"line":115,"column":16}},"115":{"start":{"line":116,"column":0},"end":{"line":116,"column":17}},"116":{"start":{"line":117,"column":0},"end":{"line":117,"column":10}},"117":{"start":{"line":118,"column":0},"end":{"line":118,"column":15}},"118":{"start":{"line":119,"column":0},"end":{"line":119,"column":24}},"119":{"start":{"line":120,"column":0},"end":{"line":120,"column":10}},"120":{"start":{"line":121,"column":0},"end":{"line":121,"column":9}},"121":{"start":{"line":122,"column":0},"end":{"line":122,"column":17}},"122":{"start":{"line":123,"column":0},"end":{"line":123,"column":18}},"123":{"start":{"line":124,"column":0},"end":{"line":124,"column":5}},"124":{"start":{"line":125,"column":0},"end":{"line":125,"column":3}},"125":{"start":{"line":126,"column":0},"end":{"line":126,"column":1}}},"s":{"0":1,"1":1,"2":1,"3":1,"4":1,"5":0,"6":0,"7":0,"8":0,"9":0,"10":0,"11":0,"12":0,"13":0,"14":0,"15":0,"16":0,"17":0,"18":0,"19":0,"20":0,"21":0,"22":0,"23":0,"24":0,"25":0,"26":0,"27":0,"28":0,"29":0,"30":1,"31":1,"32":0,"33":0,"34":0,"35":0,"36":0,"37":0,"38":0,"39":0,"40":0,"41":0,"42":0,"43":0,"44":0,"45":0,"46":0,"47":0,"48":0,"49":0,"50":0,"51":0,"52":0,"53":0,"54":1,"55":1,"56":1,"57":1,"58":1,"59":1,"60":1,"61":1,"62":1,"63":1,"64":1,"65":1,"66":1,"67":1,"68":1,"69":1,"70":1,"71":1,"72":1,"73":1,"74":1,"75":0,"76":0,"77":1,"78":1,"79":1,"80":2,"81":2,"82":2,"83":2,"84":2,"85":0,"86":0,"87":0,"88":2,"89":1,"90":1,"91":1,"92":1,"93":1,"94":1,"95":1,"96":1,"97":1,"98":1,"99":1,"100":1,"101":1,"102":1,"103":1,"104":1,"105":0,"106":0,"107":0,"108":0,"109":1,"110":1,"111":1,"112":1,"113":1,"114":1,"115":1,"116":1,"117":1,"118":1,"119":1,"120":1,"121":1,"122":0,"123":0,"124":1,"125":1},"branchMap":{"0":{"type":"branch","line":56,"loc":{"start":{"line":56,"column":15},"end":{"line":78,"column":3}},"locations":[{"start":{"line":56,"column":15},"end":{"line":78,"column":3}}]},"1":{"type":"branch","line":75,"loc":{"start":{"line":75,"column":6},"end":{"line":77,"column":5}},"locations":[{"start":{"line":75,"column":6},"end":{"line":77,"column":5}}]},"2":{"type":"branch","line":80,"loc":{"start":{"line":80,"column":15},"end":{"line":89,"column":3}},"locations":[{"start":{"line":80,"column":15},"end":{"line":89,"column":3}}]},"3":{"type":"branch","line":85,"loc":{"start":{"line":85,"column":6},"end":{"line":88,"column":5}},"locations":[{"start":{"line":85,"column":6},"end":{"line":88,"column":5}}]},"4":{"type":"branch","line":91,"loc":{"start":{"line":91,"column":15},"end":{"line":110,"column":3}},"locations":[{"start":{"line":91,"column":15},"end":{"line":110,"column":3}}]},"5":{"type":"branch","line":106,"loc":{"start":{"line":106,"column":-1},"end":{"line":109,"column":5}},"locations":[{"start":{"line":106,"column":-1},"end":{"line":109,"column":5}}]},"6":{"type":"branch","line":112,"loc":{"start":{"line":112,"column":15},"end":{"line":125,"column":3}},"locations":[{"start":{"line":112,"column":15},"end":{"line":125,"column":3}}]},"7":{"type":"branch","line":122,"loc":{"start":{"line":122,"column":6},"end":{"line":124,"column":5}},"locations":[{"start":{"line":122,"column":6},"end":{"line":124,"column":5}}]}},"b":{"0":[1],"1":[0],"2":[2],"3":[0],"4":[1],"5":[0],"6":[1],"7":[0]},"fnMap":{"0":{"name":"getRoles","decl":{"start":{"line":5,"column":15},"end":{"line":30,"column":3}},"loc":{"start":{"line":5,"column":15},"end":{"line":30,"column":3}},"line":5},"1":{"name":"getAllRole","decl":{"start":{"line":32,"column":14},"end":{"line":54,"column":3}},"loc":{"start":{"line":32,"column":14},"end":{"line":54,"column":3}},"line":32},"2":{"name":"getRoleByID","decl":{"start":{"line":56,"column":15},"end":{"line":78,"column":3}},"loc":{"start":{"line":56,"column":15},"end":{"line":78,"column":3}},"line":56},"3":{"name":"createRole","decl":{"start":{"line":80,"column":15},"end":{"line":89,"column":3}},"loc":{"start":{"line":80,"column":15},"end":{"line":89,"column":3}},"line":80},"4":{"name":"updateRole","decl":{"start":{"line":91,"column":15},"end":{"line":110,"column":3}},"loc":{"start":{"line":91,"column":15},"end":{"line":110,"column":3}},"line":91},"5":{"name":"deleteRole","decl":{"start":{"line":112,"column":15},"end":{"line":125,"column":3}},"loc":{"start":{"line":112,"column":15},"end":{"line":125,"column":3}},"line":112}},"f":{"0":0,"1":0,"2":1,"3":2,"4":1,"5":1}}
,"/home/anas/home/plus/back-office-service-plus/src/router/index.ts": {"path":"/home/anas/home/plus/back-office-service-plus/src/router/index.ts","all":false,"statementMap":{"0":{"start":{"line":1,"column":0},"end":{"line":1,"column":30}},"1":{"start":{"line":2,"column":0},"end":{"line":2,"column":57}},"2":{"start":{"line":3,"column":0},"end":{"line":3,"column":78}},"3":{"start":{"line":4,"column":0},"end":{"line":4,"column":60}},"4":{"start":{"line":5,"column":0},"end":{"line":5,"column":47}},"5":{"start":{"line":6,"column":0},"end":{"line":6,"column":32}},"6":{"start":{"line":7,"column":0},"end":{"line":7,"column":75}},"7":{"start":{"line":8,"column":0},"end":{"line":8,"column":62}},"8":{"start":{"line":9,"column":0},"end":{"line":9,"column":50}},"9":{"start":{"line":10,"column":0},"end":{"line":10,"column":0}},"10":{"start":{"line":11,"column":0},"end":{"line":11,"column":78}},"11":{"start":{"line":12,"column":0},"end":{"line":12,"column":32}},"12":{"start":{"line":13,"column":0},"end":{"line":13,"column":0}},"13":{"start":{"line":14,"column":0},"end":{"line":14,"column":45}},"14":{"start":{"line":15,"column":0},"end":{"line":15,"column":38}},"15":{"start":{"line":16,"column":0},"end":{"line":16,"column":0}},"16":{"start":{"line":17,"column":0},"end":{"line":17,"column":30}},"17":{"start":{"line":18,"column":0},"end":{"line":18,"column":40}},"18":{"start":{"line":19,"column":0},"end":{"line":19,"column":52}},"19":{"start":{"line":20,"column":0},"end":{"line":20,"column":0}},"20":{"start":{"line":21,"column":0},"end":{"line":21,"column":40}},"21":{"start":{"line":22,"column":0},"end":{"line":22,"column":39}},"22":{"start":{"line":23,"column":0},"end":{"line":23,"column":0}},"23":{"start":{"line":24,"column":0},"end":{"line":24,"column":35}},"24":{"start":{"line":25,"column":0},"end":{"line":25,"column":49}},"25":{"start":{"line":26,"column":0},"end":{"line":26,"column":0}},"26":{"start":{"line":27,"column":0},"end":{"line":27,"column":34}},"27":{"start":{"line":28,"column":0},"end":{"line":28,"column":40}},"28":{"start":{"line":29,"column":0},"end":{"line":29,"column":0}},"29":{"start":{"line":30,"column":0},"end":{"line":30,"column":28}},"30":{"start":{"line":31,"column":0},"end":{"line":31,"column":24}},"31":{"start":{"line":32,"column":0},"end":{"line":32,"column":18}},"32":{"start":{"line":33,"column":0},"end":{"line":33,"column":43}},"33":{"start":{"line":34,"column":0},"end":{"line":34,"column":3}},"34":{"start":{"line":35,"column":0},"end":{"line":35,"column":0}},"35":{"start":{"line":36,"column":0},"end":{"line":36,"column":30}},"36":{"start":{"line":37,"column":0},"end":{"line":37,"column":0}},"37":{"start":{"line":38,"column":0},"end":{"line":38,"column":0}},"38":{"start":{"line":39,"column":0},"end":{"line":39,"column":22}}},"s":{"0":1,"1":1,"2":1,"3":1,"4":1,"5":1,"6":1,"7":1,"8":1,"9":1,"10":1,"11":1,"12":1,"13":1,"14":1,"15":1,"16":1,"17":1,"18":1,"19":1,"20":1,"21":1,"22":1,"23":1,"24":1,"25":1,"26":1,"27":1,"28":1,"29":1,"30":1,"31":0,"32":0,"33":1,"34":1,"35":1,"36":1,"37":1,"38":1},"branchMap":{},"b":{},"fnMap":{},"f":{}}
}
