TN:
SF:server.ts
FNF:0
FNH:0
DA:1,1
DA:2,1
DA:3,1
DA:4,1
DA:5,1
DA:6,1
DA:7,1
DA:8,1
DA:9,1
DA:10,1
DA:11,1
DA:12,1
DA:13,1
DA:14,1
DA:15,1
DA:16,1
DA:17,1
DA:18,1
DA:19,1
DA:20,1
DA:21,1
DA:22,1
DA:23,1
DA:24,1
DA:25,1
DA:26,1
DA:27,1
DA:28,1
DA:29,1
LF:29
LH:29
BRF:0
BRH:0
end_of_record
TN:
SF:prisma/connection.ts
FNF:0
FNH:0
DA:1,1
DA:2,1
DA:3,1
DA:4,1
DA:5,1
LF:5
LH:5
BRF:0
BRH:0
end_of_record
TN:
SF:src/commen/exceptions/error.handler.ts
FN:3,errorHandler
FNF:1
FNH:1
FNDA:5,errorHandler
DA:1,1
DA:2,1
DA:3,1
DA:4,5
DA:5,5
DA:6,5
DA:7,5
DA:8,5
DA:9,5
DA:10,5
DA:11,5
DA:12,5
DA:13,5
DA:14,1
DA:15,1
LF:15
LH:15
BRDA:3,0,0,5
BRDA:6,1,0,0
BRDA:7,2,0,0
BRDA:10,3,0,0
BRF:4
BRH:1
end_of_record
TN:
SF:src/commen/exceptions/exceptions.class.ts
FN:3,UnauthorizedError
FN:13,ForbiddenError
FN:23,NotFoundError
FN:33,ValidationError
FN:43,PropertyRequiredError
FN:53,ResourceNotCreatedError
FN:63,ResourceNotUpdatedError
FN:73,ResourceNotDeletedError
FN:84,EmptyRequestBodyError
FN:95,UnexpectedError
FN:106,BadRequestError
FN:117,InvalidCredentialsError
FNF:12
FNH:4
FNDA:0,UnauthorizedError
FNDA:0,ForbiddenError
FNDA:1,NotFoundError
FNDA:0,ValidationError
FNDA:2,PropertyRequiredError
FNDA:0,ResourceNotCreatedError
FNDA:1,ResourceNotUpdatedError
FNDA:0,ResourceNotDeletedError
FNDA:0,EmptyRequestBodyError
FNDA:0,UnexpectedError
FNDA:0,BadRequestError
FNDA:1,InvalidCredentialsError
DA:1,1
DA:2,1
DA:3,1
DA:4,0
DA:5,0
DA:6,0
DA:7,0
DA:8,0
DA:9,1
DA:10,1
DA:11,1
DA:12,1
DA:13,1
DA:14,0
DA:15,0
DA:16,0
DA:17,0
DA:18,0
DA:19,1
DA:20,1
DA:21,1
DA:22,1
DA:23,1
DA:24,1
DA:25,1
DA:26,1
DA:27,1
DA:28,1
DA:29,1
DA:30,1
DA:31,1
DA:32,1
DA:33,1
DA:34,0
DA:35,0
DA:36,0
DA:37,0
DA:38,0
DA:39,1
DA:40,1
DA:41,1
DA:42,1
DA:43,1
DA:44,2
DA:45,2
DA:46,2
DA:47,2
DA:48,2
DA:49,1
DA:50,1
DA:51,1
DA:52,1
DA:53,1
DA:54,0
DA:55,0
DA:56,0
DA:57,0
DA:58,0
DA:59,1
DA:60,1
DA:61,1
DA:62,1
DA:63,1
DA:64,1
DA:65,1
DA:66,1
DA:67,1
DA:68,1
DA:69,1
DA:70,1
DA:71,1
DA:72,1
DA:73,1
DA:74,0
DA:75,0
DA:76,0
DA:77,0
DA:78,0
DA:79,1
DA:80,1
DA:81,1
DA:82,1
DA:83,1
DA:84,1
DA:85,0
DA:86,0
DA:87,0
DA:88,0
DA:89,0
DA:90,1
DA:91,1
DA:92,1
DA:93,1
DA:94,1
DA:95,1
DA:96,0
DA:97,0
DA:98,0
DA:99,0
DA:100,0
DA:101,1
DA:102,1
DA:103,1
DA:104,1
DA:105,1
DA:106,1
DA:107,0
DA:108,0
DA:109,0
DA:110,0
DA:111,0
DA:112,1
DA:113,1
DA:114,1
DA:115,1
DA:116,1
DA:117,1
DA:118,1
DA:119,1
DA:120,1
DA:121,1
DA:122,1
DA:123,1
LF:123
LH:83
BRDA:23,0,0,1
BRDA:43,1,0,2
BRDA:63,2,0,1
BRDA:117,3,0,1
BRF:4
BRH:4
end_of_record
TN:
SF:src/commen/helpers/authorize.ts
FN:7,check_access
FNF:1
FNH:1
FNDA:102,check_access
DA:1,1
DA:2,1
DA:3,1
DA:4,1
DA:5,1
DA:6,1
DA:7,1
DA:8,102
DA:9,19
DA:10,19
DA:11,19
DA:12,19
DA:13,19
DA:14,102
DA:15,102
DA:16,1
DA:17,1
LF:17
LH:17
BRDA:7,0,0,102
BRDA:8,1,0,19
BRDA:8,2,0,19
BRDA:12,3,0,0
BRF:4
BRH:3
end_of_record
TN:
SF:src/commen/helpers/helpers.ts
FN:3,hashPassword
FN:8,validString
FNF:2
FNH:2
FNDA:1,hashPassword
FNDA:12,validString
DA:1,1
DA:2,1
DA:3,1
DA:4,1
DA:5,1
DA:6,1
DA:7,1
DA:8,1
DA:9,12
DA:10,12
DA:11,0
DA:12,0
DA:13,12
DA:14,12
LF:14
LH:12
BRDA:3,0,0,1
BRDA:3,1,0,1
BRDA:8,2,0,12
BRDA:10,3,0,0
BRF:4
BRH:3
end_of_record
TN:
SF:src/commen/logger/logger.class.ts
FN:4,createLog
FN:15,getLogs
FNF:2
FNH:1
FNDA:28,createLog
FNDA:0,getLogs
DA:1,1
DA:2,1
DA:3,1
DA:4,1
DA:5,28
DA:6,28
DA:7,28
DA:8,28
DA:9,28
DA:10,0
DA:11,0
DA:12,0
DA:13,28
DA:14,1
DA:15,1
DA:16,0
DA:17,0
DA:18,0
DA:19,0
DA:20,0
DA:21,0
DA:22,1
LF:22
LH:13
BRDA:4,0,0,28
BRDA:9,1,0,0
BRF:2
BRH:1
end_of_record
TN:
SF:src/commen/logger/logger.service.ts
FN:6,Object.<anonymous>.exports.default
FNF:1
FNH:1
FNDA:28,Object.<anonymous>.exports.default
DA:1,1
DA:2,1
DA:3,1
DA:4,1
DA:5,1
DA:6,1
DA:7,28
DA:8,28
DA:9,28
DA:10,28
DA:11,28
DA:12,28
DA:13,28
DA:14,28
DA:15,28
DA:16,28
DA:17,28
DA:18,28
DA:19,28
DA:20,28
DA:21,28
DA:22,28
DA:23,28
DA:24,28
DA:25,28
DA:26,28
DA:27,28
DA:28,28
DA:29,28
DA:30,25
DA:31,28
DA:32,0
DA:33,0
DA:34,0
DA:35,0
DA:36,0
DA:37,0
DA:38,0
DA:39,0
DA:40,28
LF:40
LH:32
BRDA:6,0,0,28
BRDA:6,1,0,28
BRDA:9,2,0,1
BRDA:9,3,0,0
BRDA:14,4,0,0
BRDA:15,5,0,0
BRDA:16,6,0,0
BRDA:17,7,0,0
BRDA:18,8,0,0
BRDA:19,9,0,0
BRDA:20,10,0,0
BRDA:23,11,0,0
BRDA:24,12,0,0
BRDA:25,13,0,0
BRDA:26,14,0,0
BRDA:27,15,0,5
BRDA:27,16,0,23
BRDA:30,17,0,25
BRDA:30,18,0,20
BRDA:30,19,0,0
BRDA:31,20,0,0
BRF:21
BRH:7
end_of_record
TN:
SF:src/configs/passport/index.ts
FNF:0
FNH:0
DA:1,1
DA:2,1
DA:3,1
DA:4,1
DA:5,1
DA:6,1
DA:7,1
DA:8,1
DA:9,1
DA:10,1
DA:11,1
DA:12,26
DA:13,26
DA:14,26
DA:15,0
DA:16,0
DA:17,26
DA:18,26
DA:19,26
DA:20,26
DA:21,0
DA:22,0
DA:23,26
DA:24,1
DA:25,1
DA:26,1
DA:27,1
DA:28,1
DA:29,1
DA:30,5
DA:31,5
DA:32,5
DA:33,5
DA:34,5
DA:35,1
DA:36,1
DA:37,4
DA:38,4
DA:39,5
DA:40,0
DA:41,0
DA:42,4
DA:43,5
DA:44,4
DA:45,5
DA:46,0
DA:47,0
DA:48,4
DA:49,4
DA:50,5
DA:51,0
DA:52,0
DA:53,5
DA:54,1
LF:54
LH:44
BRDA:11,0,0,26
BRDA:11,1,0,26
BRDA:14,2,0,0
BRDA:20,3,0,0
BRDA:29,4,0,5
BRDA:29,5,0,5
BRDA:34,6,0,4
BRDA:34,7,0,1
BRDA:39,8,0,0
BRDA:42,9,0,4
BRDA:43,10,0,0
BRDA:44,11,0,4
BRDA:45,12,0,0
BRDA:48,13,0,4
BRDA:50,14,0,0
BRF:15
BRH:9
end_of_record
TN:
SF:src/configs/passport/passport.service.ts
FN:5,isUserExist
FN:24,comparePassword
FN:34,generateToken
FNF:3
FNH:3
FNDA:30,isUserExist
FNDA:4,comparePassword
FNDA:5,generateToken
DA:1,1
DA:2,1
DA:3,1
DA:4,1
DA:5,1
DA:6,30
DA:7,30
DA:8,30
DA:9,30
DA:10,30
DA:11,30
DA:12,30
DA:13,30
DA:14,30
DA:15,30
DA:16,30
DA:17,30
DA:18,30
DA:19,30
DA:20,30
DA:21,1
DA:22,1
DA:23,1
DA:24,1
DA:25,4
DA:26,4
DA:27,4
DA:28,1
DA:29,1
DA:30,1
DA:31,1
DA:32,1
DA:33,1
DA:34,1
DA:35,5
DA:36,5
DA:37,5
DA:38,5
DA:39,5
DA:40,1
DA:41,1
DA:42,1
DA:43,1
DA:44,1
DA:45,1
LF:45
LH:45
BRDA:5,0,0,30
BRDA:5,1,0,30
BRDA:24,2,0,4
BRDA:24,3,0,4
BRDA:34,4,0,5
BRDA:36,5,0,0
BRF:6
BRH:5
end_of_record
TN:
SF:src/configs/passport/passport.utils.ts
FN:6,isCredentialsValid
FNF:1
FNH:1
FNDA:5,isCredentialsValid
DA:1,1
DA:2,1
DA:3,1
DA:4,1
DA:5,1
DA:6,1
DA:7,5
DA:8,5
DA:9,5
DA:10,5
DA:11,5
DA:12,0
DA:13,0
DA:14,5
DA:15,0
DA:16,0
DA:17,5
DA:18,1
DA:19,1
DA:20,1
DA:21,5
DA:22,5
DA:23,5
DA:24,5
DA:25,5
DA:26,1
DA:27,1
DA:28,1
DA:29,1
LF:29
LH:25
BRDA:6,0,0,5
BRDA:11,1,0,0
BRDA:14,2,0,0
BRDA:17,3,0,4
BRDA:17,4,0,1
BRF:5
BRH:3
end_of_record
TN:
SF:src/models/agent/agent.controller.ts
FN:7,getGuest
FN:16,getGuestByID
FN:24,getGuests
FN:32,updateGuest
FN:39,deleteGuest
FNF:5
FNH:0
FNDA:0,getGuest
FNDA:0,getGuestByID
FNDA:0,getGuests
FNDA:0,updateGuest
FNDA:0,deleteGuest
DA:1,1
DA:2,1
DA:3,1
DA:4,1
DA:5,1
DA:6,1
DA:7,1
DA:8,0
DA:9,0
DA:10,0
DA:11,0
DA:12,0
DA:13,0
DA:14,0
DA:15,1
DA:16,1
DA:17,0
DA:18,0
DA:19,0
DA:20,0
DA:21,0
DA:22,0
DA:23,1
DA:24,1
DA:25,0
DA:26,0
DA:27,0
DA:28,0
DA:29,0
DA:30,0
DA:31,1
DA:32,1
DA:33,0
DA:34,0
DA:35,0
DA:36,0
DA:37,0
DA:38,1
DA:39,1
DA:40,0
DA:41,0
DA:42,0
DA:43,0
DA:44,0
DA:45,0
DA:46,1
DA:47,1
DA:48,1
DA:49,1
DA:50,1
DA:51,1
DA:52,1
DA:53,1
LF:53
LH:23
BRF:0
BRH:0
end_of_record
TN:
SF:src/models/agent/agent.middleware.ts
FN:5,updateGuest
FNF:1
FNH:0
FNDA:0,updateGuest
DA:1,1
DA:2,1
DA:3,1
DA:4,1
DA:5,1
DA:6,0
DA:7,0
DA:8,0
DA:9,0
DA:10,1
DA:11,1
DA:12,1
DA:13,1
LF:13
LH:9
BRF:0
BRH:0
end_of_record
TN:
SF:src/models/agent/agent.route.ts
FNF:0
FNH:0
DA:1,1
DA:2,1
DA:3,1
DA:4,1
DA:5,1
DA:6,1
DA:7,1
DA:8,1
DA:9,1
DA:10,1
DA:11,1
DA:12,1
DA:13,1
DA:14,1
DA:15,1
DA:16,1
DA:17,1
DA:18,1
DA:19,1
DA:20,1
DA:21,1
DA:22,1
DA:23,1
DA:24,1
DA:25,1
DA:26,1
DA:27,1
LF:27
LH:27
BRF:0
BRH:0
end_of_record
TN:
SF:src/models/agent/agent.service.ts
FN:8,GuestService
FN:10,GuestService.getGuests
FN:32,GuestService.getGuestByID
FN:55,GuestService.createGuest
FN:73,GuestService.updateGuest
FN:93,GuestService.deleteGuest
FNF:6
FNH:2
FNDA:1,GuestService
FNDA:0,GuestService.getGuests
FNDA:0,GuestService.getGuestByID
FNDA:1,GuestService.createGuest
FNDA:0,GuestService.updateGuest
FNDA:0,GuestService.deleteGuest
DA:1,1
DA:2,1
DA:3,1
DA:4,1
DA:5,1
DA:6,1
DA:7,1
DA:8,1
DA:9,1
DA:10,1
DA:11,0
DA:12,0
DA:13,0
DA:14,0
DA:15,0
DA:16,0
DA:17,0
DA:18,0
DA:19,0
DA:20,0
DA:21,0
DA:22,0
DA:23,0
DA:24,0
DA:25,0
DA:26,0
DA:27,0
DA:28,0
DA:29,0
DA:30,0
DA:31,1
DA:32,1
DA:33,0
DA:34,0
DA:35,0
DA:36,0
DA:37,0
DA:38,0
DA:39,0
DA:40,0
DA:41,0
DA:42,0
DA:43,0
DA:44,0
DA:45,0
DA:46,0
DA:47,0
DA:48,0
DA:49,0
DA:50,0
DA:51,0
DA:52,0
DA:53,0
DA:54,1
DA:55,1
DA:56,1
DA:57,1
DA:58,1
DA:59,1
DA:60,1
DA:61,1
DA:62,1
DA:63,1
DA:64,1
DA:65,0
DA:66,0
DA:67,0
DA:68,0
DA:69,0
DA:70,0
DA:71,1
DA:72,1
DA:73,1
DA:74,0
DA:75,0
DA:76,0
DA:77,0
DA:78,0
DA:79,0
DA:80,0
DA:81,0
DA:82,0
DA:83,0
DA:84,0
DA:85,0
DA:86,0
DA:87,0
DA:88,0
DA:89,0
DA:90,0
DA:91,0
DA:92,1
DA:93,1
DA:94,0
DA:95,0
DA:96,0
DA:97,0
DA:98,0
DA:99,0
DA:100,0
DA:101,0
DA:102,0
DA:103,0
DA:104,0
DA:105,0
DA:106,0
DA:107,0
DA:108,0
DA:109,0
DA:110,0
DA:111,0
DA:112,0
DA:113,0
DA:114,1
LF:114
LH:29
BRDA:8,0,0,1
BRDA:55,1,0,1
BRDA:55,2,0,1
BRDA:64,3,0,0
BRF:4
BRH:3
end_of_record
TN:
SF:src/models/authentification/auth.Route.ts
FNF:0
FNH:0
DA:1,1
DA:2,1
DA:3,1
DA:4,1
DA:5,1
DA:6,1
DA:7,1
DA:8,1
DA:9,1
DA:10,1
DA:11,1
DA:12,1
DA:13,1
DA:14,1
DA:15,1
DA:16,1
DA:17,1
LF:17
LH:17
BRF:0
BRH:0
end_of_record
TN:
SF:src/models/authentification/auth.controller.ts
FN:6,signInController
FN:14,signUpController
FNF:2
FNH:2
FNDA:5,signInController
FNDA:1,signUpController
DA:1,1
DA:2,1
DA:3,1
DA:4,1
DA:5,1
DA:6,1
DA:7,5
DA:8,5
DA:9,5
DA:10,5
DA:11,5
DA:12,1
DA:13,1
DA:14,1
DA:15,1
DA:16,1
DA:17,1
DA:18,0
DA:19,0
DA:20,0
DA:21,1
DA:22,1
DA:23,1
LF:23
LH:20
BRDA:6,0,0,5
BRDA:8,1,0,0
BRDA:14,2,0,1
BRDA:14,3,0,1
BRDA:17,4,0,0
BRF:5
BRH:3
end_of_record
TN:
SF:src/models/authentification/auth.middleware.ts
FN:5,signInMiddleware
FN:15,signUpMiddleware
FNF:2
FNH:2
FNDA:6,signInMiddleware
FNDA:4,signUpMiddleware
DA:1,1
DA:2,1
DA:3,1
DA:4,1
DA:5,1
DA:6,6
DA:7,6
DA:8,6
DA:9,6
DA:10,6
DA:11,5
DA:12,5
DA:13,5
DA:14,1
DA:15,1
DA:16,4
DA:17,4
DA:18,4
DA:19,4
DA:20,4
DA:21,4
DA:22,4
DA:23,2
DA:24,2
DA:25,1
DA:26,1
DA:27,1
DA:28,1
DA:29,1
DA:30,1
DA:31,1
DA:32,1
DA:33,1
DA:34,1
DA:35,1
DA:36,1
DA:37,0
DA:38,0
DA:39,4
LF:39
LH:37
BRDA:5,0,0,6
BRDA:8,1,0,0
BRDA:9,2,0,5
BRDA:9,3,0,1
BRDA:9,4,0,0
BRDA:10,5,0,5
BRDA:10,6,0,1
BRDA:10,7,0,5
BRDA:10,8,0,1
BRDA:15,9,0,4
BRDA:15,10,0,4
BRDA:21,11,0,0
BRDA:22,12,0,2
BRDA:23,13,0,0
BRDA:24,14,0,1
BRDA:25,15,0,1
BRDA:25,16,0,0
BRDA:26,17,0,0
BRDA:27,18,0,0
BRDA:28,19,0,0
BRDA:29,20,0,0
BRDA:30,21,0,0
BRDA:31,22,0,0
BRDA:32,23,0,0
BRDA:36,24,0,0
BRF:25
BRH:12
end_of_record
TN:
SF:src/models/authorization/agent-role/agentRole.controller.ts
FN:7,getGuestRole
FN:16,getGuestRoleByID
FN:24,getAllGuestRoles
FN:31,createGuestRole
FN:38,updateGuestRole
FN:45,deleteGuestRole
FNF:6
FNH:5
FNDA:1,getGuestRole
FNDA:1,getGuestRoleByID
FNDA:0,getAllGuestRoles
FNDA:1,createGuestRole
FNDA:1,updateGuestRole
FNDA:1,deleteGuestRole
DA:1,1
DA:2,1
DA:3,1
DA:4,1
DA:5,1
DA:6,1
DA:7,1
DA:8,1
DA:9,1
DA:10,1
DA:11,1
DA:12,1
DA:13,1
DA:14,1
DA:15,1
DA:16,1
DA:17,1
DA:18,1
DA:19,1
DA:20,1
DA:21,1
DA:22,1
DA:23,1
DA:24,1
DA:25,0
DA:26,0
DA:27,0
DA:28,0
DA:29,0
DA:30,1
DA:31,1
DA:32,1
DA:33,1
DA:34,1
DA:35,1
DA:36,1
DA:37,1
DA:38,1
DA:39,1
DA:40,1
DA:41,1
DA:42,1
DA:43,1
DA:44,1
DA:45,1
DA:46,1
DA:47,1
DA:48,1
DA:49,1
DA:50,1
DA:51,1
DA:52,1
DA:53,1
DA:54,1
DA:55,1
DA:56,1
DA:57,1
DA:58,1
DA:59,1
DA:60,1
DA:61,1
LF:61
LH:56
BRDA:7,0,0,1
BRDA:7,1,0,1
BRDA:11,2,0,0
BRDA:16,3,0,1
BRDA:16,4,0,1
BRDA:17,5,0,0
BRDA:19,6,0,0
BRDA:31,7,0,1
BRDA:31,8,0,1
BRDA:33,9,0,0
BRDA:38,10,0,1
BRDA:38,11,0,1
BRDA:40,12,0,0
BRDA:45,13,0,1
BRDA:45,14,0,1
BRDA:46,15,0,0
BRDA:48,16,0,0
BRF:17
BRH:10
end_of_record
TN:
SF:src/models/authorization/agent-role/agentRole.middleware.ts
FN:4,createGuestRole
FN:11,updateGuestRole
FNF:2
FNH:2
FNDA:1,createGuestRole
FNDA:1,updateGuestRole
DA:1,1
DA:2,1
DA:3,1
DA:4,1
DA:5,1
DA:6,1
DA:7,1
DA:8,1
DA:9,1
DA:10,1
DA:11,1
DA:12,1
DA:13,1
DA:14,1
DA:15,1
DA:16,1
DA:17,1
DA:18,1
LF:18
LH:18
BRDA:4,0,0,1
BRDA:4,1,0,1
BRDA:11,2,0,1
BRDA:11,3,0,1
BRF:4
BRH:4
end_of_record
TN:
SF:src/models/authorization/agent-role/agentRole.route.ts
FNF:0
FNH:0
DA:1,1
DA:2,1
DA:3,1
DA:4,1
DA:5,1
DA:6,1
DA:7,1
DA:8,1
DA:9,1
DA:10,1
DA:11,1
DA:12,1
DA:13,1
DA:14,1
DA:15,1
DA:16,1
DA:17,1
DA:18,1
DA:19,1
DA:20,1
DA:21,1
DA:22,1
DA:23,1
DA:24,1
DA:25,1
DA:26,1
DA:27,1
DA:28,1
DA:29,1
DA:30,1
LF:30
LH:30
BRF:0
BRH:0
end_of_record
TN:
SF:src/models/authorization/agent-role/agentRole.service.ts
FN:5,getGuestRole
FN:24,getAllGuestRoles
FN:57,getGuestRoleByID
FN:90,createGuestRole
FN:100,updateGuestRole
FN:123,deleteGuestRole
FNF:6
FNH:5
FNDA:1,getGuestRole
FNDA:0,getAllGuestRoles
FNDA:1,getGuestRoleByID
FNDA:1,createGuestRole
FNDA:1,updateGuestRole
FNDA:1,deleteGuestRole
DA:1,1
DA:2,1
DA:3,1
DA:4,1
DA:5,1
DA:6,1
DA:7,1
DA:8,1
DA:9,1
DA:10,1
DA:11,1
DA:12,1
DA:13,1
DA:14,1
DA:15,1
DA:16,1
DA:17,1
DA:18,1
DA:19,1
DA:20,0
DA:21,0
DA:22,1
DA:23,1
DA:24,1
DA:25,0
DA:26,0
DA:27,0
DA:28,0
DA:29,0
DA:30,0
DA:31,0
DA:32,0
DA:33,0
DA:34,0
DA:35,0
DA:36,0
DA:37,0
DA:38,0
DA:39,0
DA:40,0
DA:41,0
DA:42,0
DA:43,0
DA:44,0
DA:45,0
DA:46,0
DA:47,0
DA:48,0
DA:49,0
DA:50,0
DA:51,0
DA:52,0
DA:53,0
DA:54,0
DA:55,0
DA:56,1
DA:57,1
DA:58,1
DA:59,1
DA:60,1
DA:61,1
DA:62,1
DA:63,1
DA:64,1
DA:65,1
DA:66,1
DA:67,1
DA:68,1
DA:69,1
DA:70,1
DA:71,1
DA:72,1
DA:73,1
DA:74,1
DA:75,1
DA:76,1
DA:77,1
DA:78,1
DA:79,1
DA:80,1
DA:81,1
DA:82,1
DA:83,1
DA:84,1
DA:85,1
DA:86,0
DA:87,0
DA:88,1
DA:89,1
DA:90,1
DA:91,1
DA:92,1
DA:93,1
DA:94,1
DA:95,1
DA:96,0
DA:97,0
DA:98,1
DA:99,1
DA:100,1
DA:101,1
DA:102,1
DA:103,1
DA:104,1
DA:105,1
DA:106,1
DA:107,1
DA:108,1
DA:109,1
DA:110,1
DA:111,1
DA:112,1
DA:113,1
DA:114,1
DA:115,1
DA:116,1
DA:117,1
DA:118,1
DA:119,0
DA:120,0
DA:121,1
DA:122,1
DA:123,1
DA:124,1
DA:125,1
DA:126,1
DA:127,1
DA:128,1
DA:129,1
DA:130,1
DA:131,1
DA:132,1
DA:133,1
DA:134,0
DA:135,0
DA:136,1
DA:137,1
LF:137
LH:96
BRDA:5,0,0,1
BRDA:19,1,0,0
BRDA:57,2,0,1
BRDA:85,3,0,0
BRDA:90,4,0,1
BRDA:95,5,0,0
BRDA:100,6,0,1
BRDA:118,7,0,0
BRDA:123,8,0,1
BRDA:133,9,0,0
BRF:10
BRH:5
end_of_record
TN:
SF:src/models/authorization/permissions/permission.middleware.ts
FN:7,hasAccess
FN:18,getPermissionByID
FN:28,createPermission
FN:36,updatePermission
FN:44,deletePermission
FNF:5
FNH:2
FNDA:0,hasAccess
FNDA:0,getPermissionByID
FNDA:4,createPermission
FNDA:2,updatePermission
FNDA:0,deletePermission
DA:1,1
DA:2,1
DA:3,1
DA:4,1
DA:5,1
DA:6,1
DA:7,1
DA:8,0
DA:9,0
DA:10,0
DA:11,0
DA:12,0
DA:13,0
DA:14,0
DA:15,0
DA:16,0
DA:17,1
DA:18,1
DA:19,0
DA:20,0
DA:21,0
DA:22,0
DA:23,0
DA:24,0
DA:25,0
DA:26,0
DA:27,1
DA:28,1
DA:29,4
DA:30,4
DA:31,3
DA:32,3
DA:33,3
DA:34,3
DA:35,1
DA:36,1
DA:37,2
DA:38,2
DA:39,2
DA:40,2
DA:41,2
DA:42,2
DA:43,1
DA:44,1
DA:45,0
DA:46,0
DA:47,0
DA:48,0
DA:49,0
DA:50,0
DA:51,0
DA:52,0
DA:53,0
DA:54,1
DA:55,1
DA:56,1
DA:57,1
DA:58,1
DA:59,1
DA:60,1
DA:61,1
LF:61
LH:35
BRDA:28,0,0,4
BRDA:29,1,0,3
BRDA:29,2,0,1
BRDA:30,3,0,0
BRDA:31,4,0,3
BRDA:32,5,0,0
BRDA:36,6,0,2
BRDA:38,7,0,0
BRDA:40,8,0,1
BRDA:40,9,0,0
BRF:10
BRH:6
end_of_record
TN:
SF:src/models/authorization/permissions/permission.route.ts
FNF:0
FNH:0
DA:1,1
DA:2,1
DA:3,1
DA:4,1
DA:5,1
DA:6,1
DA:7,1
DA:8,1
DA:9,1
DA:10,1
DA:11,1
DA:12,1
DA:13,1
DA:14,1
DA:15,1
DA:16,1
DA:17,1
DA:18,1
DA:19,1
DA:20,1
DA:21,1
DA:22,1
DA:23,1
DA:24,1
DA:25,1
DA:26,1
DA:27,1
LF:27
LH:27
BRF:0
BRH:0
end_of_record
TN:
SF:src/models/authorization/permissions/permission.service.ts
FN:5,getPermissionByID
FN:18,getUserPermissions
FN:53,createPermission
FN:63,updatePermission
FN:87,deletePermission
FN:103,hasPermission
FNF:6
FNH:6
FNDA:2,getPermissionByID
FNDA:1,getUserPermissions
FNDA:3,createPermission
FNDA:2,updatePermission
FNDA:1,deletePermission
FNDA:19,hasPermission
DA:1,1
DA:2,1
DA:3,1
DA:4,1
DA:5,1
DA:6,2
DA:7,2
DA:8,2
DA:9,2
DA:10,2
DA:11,2
DA:12,2
DA:13,2
DA:14,1
DA:15,1
DA:16,2
DA:17,1
DA:18,1
DA:19,1
DA:20,1
DA:21,1
DA:22,1
DA:23,1
DA:24,1
DA:25,1
DA:26,1
DA:27,1
DA:28,1
DA:29,1
DA:30,1
DA:31,1
DA:32,1
DA:33,1
DA:34,1
DA:35,1
DA:36,1
DA:37,1
DA:38,1
DA:39,1
DA:40,1
DA:41,1
DA:42,1
DA:43,14
DA:44,1
DA:45,1
DA:46,1
DA:47,1
DA:48,1
DA:49,0
DA:50,0
DA:51,1
DA:52,1
DA:53,1
DA:54,3
DA:55,3
DA:56,3
DA:57,3
DA:58,3
DA:59,0
DA:60,0
DA:61,3
DA:62,1
DA:63,1
DA:64,2
DA:65,2
DA:66,2
DA:67,2
DA:68,2
DA:69,2
DA:70,2
DA:71,2
DA:72,2
DA:73,2
DA:74,1
DA:75,1
DA:76,1
DA:77,1
DA:78,1
DA:79,1
DA:80,1
DA:81,1
DA:82,2
DA:83,1
DA:84,1
DA:85,2
DA:86,1
DA:87,1
DA:88,1
DA:89,1
DA:90,1
DA:91,1
DA:92,1
DA:93,1
DA:94,1
DA:95,1
DA:96,1
DA:97,1
DA:98,1
DA:99,0
DA:100,0
DA:101,1
DA:102,1
DA:103,1
DA:104,19
DA:105,19
DA:106,19
DA:107,19
DA:108,19
DA:109,19
DA:110,19
DA:111,19
DA:112,19
DA:113,19
DA:114,19
DA:115,19
DA:116,19
DA:117,19
DA:118,19
DA:119,19
DA:120,0
DA:121,0
DA:122,19
DA:123,1
LF:123
LH:115
BRDA:5,0,0,2
BRDA:7,1,0,0
BRDA:13,2,0,1
BRDA:18,3,0,1
BRDA:20,4,0,0
BRDA:48,5,0,0
BRDA:41,6,0,1
BRDA:42,7,0,14
BRDA:53,8,0,3
BRDA:58,9,0,0
BRDA:63,10,0,2
BRDA:65,11,0,0
BRDA:74,12,0,1
BRDA:76,13,0,0
BRDA:77,14,0,0
BRDA:82,15,0,1
BRDA:87,16,0,1
BRDA:89,17,0,0
BRDA:98,18,0,0
BRDA:103,19,0,19
BRDA:119,20,0,0
BRF:21
BRH:11
end_of_record
TN:
SF:src/models/authorization/permissions/permissions.controller.ts
FN:7,getUserPermissions
FN:17,getPermissionByID
FN:25,createPermission
FN:32,updatePermission
FN:40,deletePermission
FNF:5
FNH:5
FNDA:1,getUserPermissions
FNDA:2,getPermissionByID
FNDA:3,createPermission
FNDA:2,updatePermission
FNDA:1,deletePermission
DA:1,1
DA:2,1
DA:3,1
DA:4,1
DA:5,1
DA:6,1
DA:7,1
DA:8,1
DA:9,1
DA:10,1
DA:11,1
DA:12,1
DA:13,1
DA:14,1
DA:15,1
DA:16,1
DA:17,1
DA:18,2
DA:19,2
DA:20,2
DA:21,1
DA:22,1
DA:23,1
DA:24,1
DA:25,1
DA:26,3
DA:27,3
DA:28,3
DA:29,3
DA:30,3
DA:31,1
DA:32,1
DA:33,2
DA:34,2
DA:35,2
DA:36,1
DA:37,1
DA:38,1
DA:39,1
DA:40,1
DA:41,1
DA:42,1
DA:43,1
DA:44,1
DA:45,1
DA:46,1
DA:47,1
DA:48,1
DA:49,1
DA:50,1
DA:51,1
DA:52,1
DA:53,1
DA:54,1
LF:54
LH:54
BRDA:7,0,0,1
BRDA:7,1,0,1
BRDA:12,2,0,0
BRDA:17,3,0,2
BRDA:17,4,0,2
BRDA:18,5,0,0
BRDA:20,6,0,1
BRDA:25,7,0,3
BRDA:25,8,0,3
BRDA:27,9,0,0
BRDA:32,10,0,2
BRDA:32,11,0,2
BRDA:33,12,0,0
BRDA:35,13,0,1
BRDA:40,14,0,1
BRDA:40,15,0,1
BRDA:41,16,0,0
BRDA:43,17,0,0
BRF:18
BRH:12
end_of_record
TN:
SF:src/models/authorization/roles/role.controller.ts
FN:7,getRoles
FN:16,getAllRole
FN:23,getRoleByID
FN:31,createRole
FN:41,updateRole
FN:48,deleteRole
FNF:6
FNH:4
FNDA:0,getRoles
FNDA:0,getAllRole
FNDA:1,getRoleByID
FNDA:2,createRole
FNDA:1,updateRole
FNDA:1,deleteRole
DA:1,1
DA:2,1
DA:3,1
DA:4,1
DA:5,1
DA:6,1
DA:7,1
DA:8,0
DA:9,0
DA:10,0
DA:11,0
DA:12,0
DA:13,0
DA:14,0
DA:15,1
DA:16,1
DA:17,0
DA:18,0
DA:19,0
DA:20,0
DA:21,0
DA:22,1
DA:23,1
DA:24,1
DA:25,1
DA:26,1
DA:27,1
DA:28,1
DA:29,1
DA:30,1
DA:31,1
DA:32,2
DA:33,2
DA:34,2
DA:35,2
DA:36,2
DA:37,2
DA:38,2
DA:39,2
DA:40,1
DA:41,1
DA:42,1
DA:43,1
DA:44,1
DA:45,1
DA:46,1
DA:47,1
DA:48,1
DA:49,1
DA:50,1
DA:51,1
DA:52,1
DA:53,1
DA:54,1
DA:55,1
DA:56,1
DA:57,1
DA:58,1
DA:59,1
DA:60,1
DA:61,1
DA:62,1
DA:63,1
LF:63
LH:51
BRDA:23,0,0,1
BRDA:23,1,0,1
BRDA:24,2,0,0
BRDA:26,3,0,0
BRDA:31,4,0,2
BRDA:31,5,0,2
BRDA:36,6,0,0
BRDA:41,7,0,1
BRDA:41,8,0,1
BRDA:43,9,0,0
BRDA:48,10,0,1
BRDA:48,11,0,1
BRDA:49,12,0,0
BRDA:51,13,0,0
BRF:14
BRH:8
end_of_record
TN:
SF:src/models/authorization/roles/role.middleware.ts
FN:6,createRole
FN:13,updateRole
FNF:2
FNH:2
FNDA:3,createRole
FNDA:1,updateRole
DA:1,1
DA:2,1
DA:3,1
DA:4,1
DA:5,1
DA:6,1
DA:7,3
DA:8,3
DA:9,3
DA:10,2
DA:11,2
DA:12,1
DA:13,1
DA:14,1
DA:15,1
DA:16,1
DA:17,1
DA:18,1
DA:19,1
DA:20,1
DA:21,1
DA:22,1
DA:23,1
DA:24,1
LF:24
LH:24
BRDA:6,0,0,3
BRDA:6,1,0,3
BRDA:8,2,0,2
BRDA:8,3,0,1
BRDA:9,4,0,0
BRDA:10,5,0,2
BRDA:13,6,0,1
BRDA:13,7,0,1
BRDA:16,8,0,0
BRDA:17,9,0,0
BRF:10
BRH:7
end_of_record
TN:
SF:src/models/authorization/roles/role.route.ts
FNF:0
FNH:0
DA:1,1
DA:2,1
DA:3,1
DA:4,1
DA:5,1
DA:6,1
DA:7,1
DA:8,1
DA:9,1
DA:10,1
DA:11,1
DA:12,1
DA:13,1
DA:14,1
DA:15,1
DA:16,1
DA:17,1
DA:18,1
DA:19,1
DA:20,1
DA:21,1
DA:22,1
DA:23,1
DA:24,1
DA:25,1
DA:26,1
DA:27,1
DA:28,1
DA:29,1
DA:30,1
LF:30
LH:30
BRF:0
BRH:0
end_of_record
TN:
SF:src/models/authorization/roles/role.service.ts
FN:5,getRoles
FN:32,getAllRole
FN:56,getRoleByID
FN:80,createRole
FN:91,updateRole
FN:112,deleteRole
FNF:6
FNH:4
FNDA:0,getRoles
FNDA:0,getAllRole
FNDA:1,getRoleByID
FNDA:2,createRole
FNDA:1,updateRole
FNDA:1,deleteRole
DA:1,1
DA:2,1
DA:3,1
DA:4,1
DA:5,1
DA:6,0
DA:7,0
DA:8,0
DA:9,0
DA:10,0
DA:11,0
DA:12,0
DA:13,0
DA:14,0
DA:15,0
DA:16,0
DA:17,0
DA:18,0
DA:19,0
DA:20,0
DA:21,0
DA:22,0
DA:23,0
DA:24,0
DA:25,0
DA:26,0
DA:27,0
DA:28,0
DA:29,0
DA:30,0
DA:31,1
DA:32,1
DA:33,0
DA:34,0
DA:35,0
DA:36,0
DA:37,0
DA:38,0
DA:39,0
DA:40,0
DA:41,0
DA:42,0
DA:43,0
DA:44,0
DA:45,0
DA:46,0
DA:47,0
DA:48,0
DA:49,0
DA:50,0
DA:51,0
DA:52,0
DA:53,0
DA:54,0
DA:55,1
DA:56,1
DA:57,1
DA:58,1
DA:59,1
DA:60,1
DA:61,1
DA:62,1
DA:63,1
DA:64,1
DA:65,1
DA:66,1
DA:67,1
DA:68,1
DA:69,1
DA:70,1
DA:71,1
DA:72,1
DA:73,1
DA:74,1
DA:75,1
DA:76,0
DA:77,0
DA:78,1
DA:79,1
DA:80,1
DA:81,2
DA:82,2
DA:83,2
DA:84,2
DA:85,2
DA:86,0
DA:87,0
DA:88,0
DA:89,2
DA:90,1
DA:91,1
DA:92,1
DA:93,1
DA:94,1
DA:95,1
DA:96,1
DA:97,1
DA:98,1
DA:99,1
DA:100,1
DA:101,1
DA:102,1
DA:103,1
DA:104,1
DA:105,1
DA:106,0
DA:107,0
DA:108,0
DA:109,0
DA:110,1
DA:111,1
DA:112,1
DA:113,1
DA:114,1
DA:115,1
DA:116,1
DA:117,1
DA:118,1
DA:119,1
DA:120,1
DA:121,1
DA:122,1
DA:123,0
DA:124,0
DA:125,1
DA:126,1
LF:126
LH:68
BRDA:56,0,0,1
BRDA:75,1,0,0
BRDA:80,2,0,2
BRDA:85,3,0,0
BRDA:91,4,0,1
BRDA:106,5,0,0
BRDA:112,6,0,1
BRDA:122,7,0,0
BRF:8
BRH:4
end_of_record
TN:
SF:src/router/index.ts
FNF:0
FNH:0
DA:1,1
DA:2,1
DA:3,1
DA:4,1
DA:5,1
DA:6,1
DA:7,1
DA:8,1
DA:9,1
DA:10,1
DA:11,1
DA:12,1
DA:13,1
DA:14,1
DA:15,1
DA:16,1
DA:17,1
DA:18,1
DA:19,1
DA:20,1
DA:21,1
DA:22,1
DA:23,1
DA:24,1
DA:25,1
DA:26,1
DA:27,1
DA:28,1
DA:29,1
DA:30,1
DA:31,1
DA:32,0
DA:33,0
DA:34,1
DA:35,1
DA:36,1
DA:37,1
DA:38,1
DA:39,1
LF:39
LH:37
BRF:0
BRH:0
end_of_record
